20:24:12,278  INFO ContainerTest:16 - log aya 
  20:24:12,801  INFO AnnotationConfigApplicationContext:583 - Refreshing org.springframework.context.annotation.AnnotationConfigApplicationContext@4cdf35a9: startup date [Thu Dec 14 20:24:12 IST 2017]; root of context hierarchy
  20:24:13,218  WARN ConfigurationClassEnhancer:350 - @Bean method AppConfig.getPropertyPlaceholderConfigurer is non-static and returns an object assignable to Spring's BeanFactoryPostProcessor interface. This will result in a failure to process annotations such as @Autowired, @Resource and @PostConstruct within the method's declaring @Configuration class. Add the 'static' modifier to this method to avoid these container lifecycle issues; see @Bean javadoc for complete details.
  20:24:13,267  INFO AutowiredAnnotationBeanPostProcessor:155 - JSR-330 'javax.inject.Inject' annotation found and supported for autowiring
  20:24:13,415  INFO DriverManagerDataSource:133 - Loaded JDBC driver: com.mysql.cj.jdbc.Driver
  20:24:13,817  INFO Version:37 - HHH000412: Hibernate Core {5.0.4.Final}
  20:24:13,820  INFO Environment:213 - HHH000206: hibernate.properties not found
  20:24:13,823  INFO Environment:317 - HHH000021: Bytecode provider name : javassist
  20:24:13,946  INFO Version:66 - HCANN000001: Hibernate Commons Annotations {5.0.0.Final}
  20:24:14,014 DEBUG BasicTypeRegistry:135 - Adding type registration boolean -> org.hibernate.type.BooleanType@2e1d27ba
  20:24:14,014 DEBUG BasicTypeRegistry:135 - Adding type registration boolean -> org.hibernate.type.BooleanType@2e1d27ba
  20:24:14,015 DEBUG BasicTypeRegistry:135 - Adding type registration java.lang.Boolean -> org.hibernate.type.BooleanType@2e1d27ba
  20:24:14,019 DEBUG BasicTypeRegistry:135 - Adding type registration numeric_boolean -> org.hibernate.type.NumericBooleanType@44a7bfbc
  20:24:14,022 DEBUG BasicTypeRegistry:135 - Adding type registration true_false -> org.hibernate.type.TrueFalseType@2beee7ff
  20:24:14,024 DEBUG BasicTypeRegistry:135 - Adding type registration yes_no -> org.hibernate.type.YesNoType@e1de817
  20:24:14,032 DEBUG BasicTypeRegistry:135 - Adding type registration byte -> org.hibernate.type.ByteType@355ce81c
  20:24:14,034 DEBUG BasicTypeRegistry:135 - Adding type registration byte -> org.hibernate.type.ByteType@355ce81c
  20:24:14,034 DEBUG BasicTypeRegistry:135 - Adding type registration java.lang.Byte -> org.hibernate.type.ByteType@355ce81c
  20:24:14,038 DEBUG BasicTypeRegistry:135 - Adding type registration character -> org.hibernate.type.CharacterType@1649b0e6
  20:24:14,039 DEBUG BasicTypeRegistry:135 - Adding type registration char -> org.hibernate.type.CharacterType@1649b0e6
  20:24:14,039 DEBUG BasicTypeRegistry:135 - Adding type registration java.lang.Character -> org.hibernate.type.CharacterType@1649b0e6
  20:24:14,044 DEBUG BasicTypeRegistry:135 - Adding type registration short -> org.hibernate.type.ShortType@2abf4075
  20:24:14,045 DEBUG BasicTypeRegistry:135 - Adding type registration short -> org.hibernate.type.ShortType@2abf4075
  20:24:14,045 DEBUG BasicTypeRegistry:135 - Adding type registration java.lang.Short -> org.hibernate.type.ShortType@2abf4075
  20:24:14,048 DEBUG BasicTypeRegistry:135 - Adding type registration integer -> org.hibernate.type.IntegerType@1f97cf0d
  20:24:14,049 DEBUG BasicTypeRegistry:135 - Adding type registration int -> org.hibernate.type.IntegerType@1f97cf0d
  20:24:14,049 DEBUG BasicTypeRegistry:135 - Adding type registration java.lang.Integer -> org.hibernate.type.IntegerType@1f97cf0d
  20:24:14,056 DEBUG BasicTypeRegistry:135 - Adding type registration long -> org.hibernate.type.LongType@2e222612
  20:24:14,056 DEBUG BasicTypeRegistry:135 - Adding type registration long -> org.hibernate.type.LongType@2e222612
  20:24:14,057 DEBUG BasicTypeRegistry:135 - Adding type registration java.lang.Long -> org.hibernate.type.LongType@2e222612
  20:24:14,062 DEBUG BasicTypeRegistry:135 - Adding type registration float -> org.hibernate.type.FloatType@34f7cfd9
  20:24:14,063 DEBUG BasicTypeRegistry:135 - Adding type registration float -> org.hibernate.type.FloatType@34f7cfd9
  20:24:14,064 DEBUG BasicTypeRegistry:135 - Adding type registration java.lang.Float -> org.hibernate.type.FloatType@34f7cfd9
  20:24:14,068 DEBUG BasicTypeRegistry:135 - Adding type registration double -> org.hibernate.type.DoubleType@3d1cfad4
  20:24:14,068 DEBUG BasicTypeRegistry:135 - Adding type registration double -> org.hibernate.type.DoubleType@3d1cfad4
  20:24:14,068 DEBUG BasicTypeRegistry:135 - Adding type registration java.lang.Double -> org.hibernate.type.DoubleType@3d1cfad4
  20:24:14,074 DEBUG BasicTypeRegistry:135 - Adding type registration big_decimal -> org.hibernate.type.BigDecimalType@11bd0f3b
  20:24:14,074 DEBUG BasicTypeRegistry:135 - Adding type registration java.math.BigDecimal -> org.hibernate.type.BigDecimalType@11bd0f3b
  20:24:14,078 DEBUG BasicTypeRegistry:135 - Adding type registration big_integer -> org.hibernate.type.BigIntegerType@72cde7cc
  20:24:14,078 DEBUG BasicTypeRegistry:135 - Adding type registration java.math.BigInteger -> org.hibernate.type.BigIntegerType@72cde7cc
  20:24:14,079 DEBUG BasicTypeRegistry:135 - Adding type registration string -> org.hibernate.type.StringType@2bfc268b
  20:24:14,080 DEBUG BasicTypeRegistry:135 - Adding type registration java.lang.String -> org.hibernate.type.StringType@2bfc268b
  20:24:14,081 DEBUG BasicTypeRegistry:135 - Adding type registration nstring -> org.hibernate.type.StringNVarcharType@4944252c
  20:24:14,083 DEBUG BasicTypeRegistry:135 - Adding type registration ncharacter -> org.hibernate.type.CharacterNCharType@272ed83b
  20:24:14,085 DEBUG BasicTypeRegistry:135 - Adding type registration url -> org.hibernate.type.UrlType@66498326
  20:24:14,086 DEBUG BasicTypeRegistry:135 - Adding type registration java.net.URL -> org.hibernate.type.UrlType@66498326
  20:24:14,093 DEBUG BasicTypeRegistry:135 - Adding type registration date -> org.hibernate.type.DateType@4e096385
  20:24:14,093 DEBUG BasicTypeRegistry:135 - Adding type registration java.sql.Date -> org.hibernate.type.DateType@4e096385
  20:24:14,098 DEBUG BasicTypeRegistry:135 - Adding type registration time -> org.hibernate.type.TimeType@1a4013
  20:24:14,098 DEBUG BasicTypeRegistry:135 - Adding type registration java.sql.Time -> org.hibernate.type.TimeType@1a4013
  20:24:14,101 DEBUG BasicTypeRegistry:135 - Adding type registration timestamp -> org.hibernate.type.TimestampType@2dde1bff
  20:24:14,102 DEBUG BasicTypeRegistry:135 - Adding type registration java.sql.Timestamp -> org.hibernate.type.TimestampType@2dde1bff
  20:24:14,102 DEBUG BasicTypeRegistry:135 - Adding type registration java.util.Date -> org.hibernate.type.TimestampType@2dde1bff
  20:24:14,108 DEBUG BasicTypeRegistry:135 - Adding type registration dbtimestamp -> org.hibernate.type.DbTimestampType@5f9b2141
  20:24:14,111 DEBUG BasicTypeRegistry:135 - Adding type registration calendar -> org.hibernate.type.CalendarType@50ad3bc1
  20:24:14,111 DEBUG BasicTypeRegistry:135 - Adding type registration java.util.Calendar -> org.hibernate.type.CalendarType@50ad3bc1
  20:24:14,112 DEBUG BasicTypeRegistry:135 - Adding type registration java.util.GregorianCalendar -> org.hibernate.type.CalendarType@50ad3bc1
  20:24:14,113 DEBUG BasicTypeRegistry:135 - Adding type registration calendar_date -> org.hibernate.type.CalendarDateType@193f604a
  20:24:14,115 DEBUG BasicTypeRegistry:135 - Adding type registration locale -> org.hibernate.type.LocaleType@d29f28
  20:24:14,115 DEBUG BasicTypeRegistry:135 - Adding type registration java.util.Locale -> org.hibernate.type.LocaleType@d29f28
  20:24:14,118 DEBUG BasicTypeRegistry:135 - Adding type registration currency -> org.hibernate.type.CurrencyType@446293d
  20:24:14,118 DEBUG BasicTypeRegistry:135 - Adding type registration java.util.Currency -> org.hibernate.type.CurrencyType@446293d
  20:24:14,120 DEBUG BasicTypeRegistry:135 - Adding type registration timezone -> org.hibernate.type.TimeZoneType@15aab8c6
  20:24:14,120 DEBUG BasicTypeRegistry:135 - Adding type registration java.util.TimeZone -> org.hibernate.type.TimeZoneType@15aab8c6
  20:24:14,123 DEBUG BasicTypeRegistry:135 - Adding type registration class -> org.hibernate.type.ClassType@6babf3bf
  20:24:14,123 DEBUG BasicTypeRegistry:135 - Adding type registration java.lang.Class -> org.hibernate.type.ClassType@6babf3bf
  20:24:14,129 DEBUG BasicTypeRegistry:135 - Adding type registration uuid-binary -> org.hibernate.type.UUIDBinaryType@1e683a3e
  20:24:14,129 DEBUG BasicTypeRegistry:135 - Adding type registration java.util.UUID -> org.hibernate.type.UUIDBinaryType@1e683a3e
  20:24:14,130 DEBUG BasicTypeRegistry:135 - Adding type registration uuid-char -> org.hibernate.type.UUIDCharType@14555e0a
  20:24:14,133 DEBUG BasicTypeRegistry:135 - Adding type registration binary -> org.hibernate.type.BinaryType@6f46426d
  20:24:14,133 DEBUG BasicTypeRegistry:135 - Adding type registration byte[] -> org.hibernate.type.BinaryType@6f46426d
  20:24:14,134 DEBUG BasicTypeRegistry:135 - Adding type registration [B -> org.hibernate.type.BinaryType@6f46426d
  20:24:14,136 DEBUG BasicTypeRegistry:135 - Adding type registration wrapper-binary -> org.hibernate.type.WrapperBinaryType@3e84448c
  20:24:14,136 DEBUG BasicTypeRegistry:135 - Adding type registration Byte[] -> org.hibernate.type.WrapperBinaryType@3e84448c
  20:24:14,140 DEBUG BasicTypeRegistry:135 - Adding type registration [Ljava.lang.Byte; -> org.hibernate.type.WrapperBinaryType@3e84448c
  20:24:14,142 DEBUG BasicTypeRegistry:135 - Adding type registration image -> org.hibernate.type.ImageType@7e5afaa6
  20:24:14,143 DEBUG BasicTypeRegistry:135 - Adding type registration characters -> org.hibernate.type.CharArrayType@581ac8a8
  20:24:14,144 DEBUG BasicTypeRegistry:135 - Adding type registration char[] -> org.hibernate.type.CharArrayType@581ac8a8
  20:24:14,144 DEBUG BasicTypeRegistry:135 - Adding type registration [C -> org.hibernate.type.CharArrayType@581ac8a8
  20:24:14,146 DEBUG BasicTypeRegistry:135 - Adding type registration wrapper-characters -> org.hibernate.type.CharacterArrayType@67c33749
  20:24:14,146 DEBUG BasicTypeRegistry:135 - Adding type registration [Ljava.lang.Character; -> org.hibernate.type.CharacterArrayType@67c33749
  20:24:14,147 DEBUG BasicTypeRegistry:135 - Adding type registration Character[] -> org.hibernate.type.CharacterArrayType@67c33749
  20:24:14,148 DEBUG BasicTypeRegistry:135 - Adding type registration text -> org.hibernate.type.TextType@2a54a73f
  20:24:14,151 DEBUG BasicTypeRegistry:135 - Adding type registration ntext -> org.hibernate.type.NTextType@4efc180e
  20:24:14,159 DEBUG BasicTypeRegistry:135 - Adding type registration blob -> org.hibernate.type.BlobType@35aea049
  20:24:14,160 DEBUG BasicTypeRegistry:135 - Adding type registration java.sql.Blob -> org.hibernate.type.BlobType@35aea049
  20:24:14,161 DEBUG BasicTypeRegistry:135 - Adding type registration materialized_blob -> org.hibernate.type.MaterializedBlobType@22ef9844
  20:24:14,165 DEBUG BasicTypeRegistry:135 - Adding type registration clob -> org.hibernate.type.ClobType@25fb8912
  20:24:14,166 DEBUG BasicTypeRegistry:135 - Adding type registration java.sql.Clob -> org.hibernate.type.ClobType@25fb8912
  20:24:14,171 DEBUG BasicTypeRegistry:135 - Adding type registration nclob -> org.hibernate.type.NClobType@342c38f8
  20:24:14,172 DEBUG BasicTypeRegistry:135 - Adding type registration java.sql.NClob -> org.hibernate.type.NClobType@342c38f8
  20:24:14,173 DEBUG BasicTypeRegistry:135 - Adding type registration materialized_clob -> org.hibernate.type.MaterializedClobType@485966cc
  20:24:14,173 DEBUG BasicTypeRegistry:135 - Adding type registration materialized_nclob -> org.hibernate.type.MaterializedNClobType@593aaf41
  20:24:14,174 DEBUG BasicTypeRegistry:135 - Adding type registration serializable -> org.hibernate.type.SerializableType@37d4349f
  20:24:14,178 DEBUG BasicTypeRegistry:135 - Adding type registration object -> org.hibernate.type.ObjectType@6404f418
  20:24:14,178 DEBUG BasicTypeRegistry:135 - Adding type registration java.lang.Object -> org.hibernate.type.ObjectType@6404f418
  20:24:14,179 DEBUG BasicTypeRegistry:135 - Adding type registration imm_date -> org.hibernate.type.AdaptedImmutableType@729d991e
  20:24:14,179 DEBUG BasicTypeRegistry:135 - Adding type registration imm_time -> org.hibernate.type.AdaptedImmutableType@31fa1761
  20:24:14,179 DEBUG BasicTypeRegistry:135 - Adding type registration imm_timestamp -> org.hibernate.type.AdaptedImmutableType@957e06
  20:24:14,179 DEBUG BasicTypeRegistry:135 - Adding type registration imm_dbtimestamp -> org.hibernate.type.AdaptedImmutableType@32502377
  20:24:14,180 DEBUG BasicTypeRegistry:135 - Adding type registration imm_calendar -> org.hibernate.type.AdaptedImmutableType@2c1b194a
  20:24:14,180 DEBUG BasicTypeRegistry:135 - Adding type registration imm_calendar_date -> org.hibernate.type.AdaptedImmutableType@4dbb42b7
  20:24:14,180 DEBUG BasicTypeRegistry:135 - Adding type registration imm_binary -> org.hibernate.type.AdaptedImmutableType@66f57048
  20:24:14,180 DEBUG BasicTypeRegistry:135 - Adding type registration imm_serializable -> org.hibernate.type.AdaptedImmutableType@550dbc7a
  20:24:14,827  INFO Dialect:154 - HHH000400: Using dialect: org.hibernate.dialect.MySQLDialect
  20:24:15,419 TRACE TypeFactory:60 - Scoping types to session factory org.hibernate.internal.SessionFactoryImpl@698122b2
  20:24:15,796  INFO SchemaUpdate:101 - HHH000228: Running hbm2ddl schema update
  20:24:16,016  INFO HibernateTransactionManager:357 - Using DataSource [org.springframework.jdbc.datasource.DriverManagerDataSource@1198b989] of Hibernate SessionFactory for HibernateTransactionManager
  20:24:16,161  INFO QueryTranslatorFactoryInitiator:47 - HHH000397: Using ASTQueryTranslatorFactory
  20:24:16,421 TRACE BasicExtractor:61 - extracted value ([id1_0_] : [INTEGER]) - [1]
  20:24:16,433 TRACE BasicExtractor:61 - extracted value ([address2_0_] : [VARCHAR]) - [hyderabad]
  20:24:16,433 TRACE BasicExtractor:61 - extracted value ([name3_0_] : [VARCHAR]) - [arpit]
  20:24:16,436 TRACE BasicExtractor:61 - extracted value ([id1_0_] : [INTEGER]) - [1]
  20:24:16,437 TRACE BasicExtractor:61 - extracted value ([id1_0_] : [INTEGER]) - [1]
  20:24:16,437 TRACE BasicExtractor:61 - extracted value ([id1_0_] : [INTEGER]) - [1]
  20:24:16,438 TRACE BasicExtractor:61 - extracted value ([id1_0_] : [INTEGER]) - [1]
  20:24:16,487 TRACE BasicBinder:64 - binding parameter [1] as [VARCHAR] - [hyderabad]
  20:24:16,488 TRACE BasicBinder:64 - binding parameter [2] as [VARCHAR] - [arpit]
  20:24:16,489 TRACE BasicBinder:64 - binding parameter [3] as [INTEGER] - [1]
  20:28:20,872  INFO ContainerTest:16 - log aya 
  20:28:21,114  INFO AnnotationConfigApplicationContext:583 - Refreshing org.springframework.context.annotation.AnnotationConfigApplicationContext@4cdf35a9: startup date [Thu Dec 14 20:28:21 IST 2017]; root of context hierarchy
  20:28:21,360  WARN ConfigurationClassEnhancer:350 - @Bean method AppConfig.getPropertyPlaceholderConfigurer is non-static and returns an object assignable to Spring's BeanFactoryPostProcessor interface. This will result in a failure to process annotations such as @Autowired, @Resource and @PostConstruct within the method's declaring @Configuration class. Add the 'static' modifier to this method to avoid these container lifecycle issues; see @Bean javadoc for complete details.
  20:28:21,389  INFO AutowiredAnnotationBeanPostProcessor:155 - JSR-330 'javax.inject.Inject' annotation found and supported for autowiring
  20:28:21,469  INFO DriverManagerDataSource:133 - Loaded JDBC driver: com.mysql.cj.jdbc.Driver
  20:28:21,604  INFO Version:37 - HHH000412: Hibernate Core {5.0.4.Final}
  20:28:21,606  INFO Environment:213 - HHH000206: hibernate.properties not found
  20:28:21,607  INFO Environment:317 - HHH000021: Bytecode provider name : javassist
  20:28:21,653  INFO Version:66 - HCANN000001: Hibernate Commons Annotations {5.0.0.Final}
  20:28:21,675 DEBUG BasicTypeRegistry:135 - Adding type registration boolean -> org.hibernate.type.BooleanType@2e1d27ba
  20:28:21,676 DEBUG BasicTypeRegistry:135 - Adding type registration boolean -> org.hibernate.type.BooleanType@2e1d27ba
  20:28:21,676 DEBUG BasicTypeRegistry:135 - Adding type registration java.lang.Boolean -> org.hibernate.type.BooleanType@2e1d27ba
  20:28:21,678 DEBUG BasicTypeRegistry:135 - Adding type registration numeric_boolean -> org.hibernate.type.NumericBooleanType@44a7bfbc
  20:28:21,679 DEBUG BasicTypeRegistry:135 - Adding type registration true_false -> org.hibernate.type.TrueFalseType@2beee7ff
  20:28:21,680 DEBUG BasicTypeRegistry:135 - Adding type registration yes_no -> org.hibernate.type.YesNoType@e1de817
  20:28:21,682 DEBUG BasicTypeRegistry:135 - Adding type registration byte -> org.hibernate.type.ByteType@355ce81c
  20:28:21,684 DEBUG BasicTypeRegistry:135 - Adding type registration byte -> org.hibernate.type.ByteType@355ce81c
  20:28:21,684 DEBUG BasicTypeRegistry:135 - Adding type registration java.lang.Byte -> org.hibernate.type.ByteType@355ce81c
  20:28:21,685 DEBUG BasicTypeRegistry:135 - Adding type registration character -> org.hibernate.type.CharacterType@1649b0e6
  20:28:21,685 DEBUG BasicTypeRegistry:135 - Adding type registration char -> org.hibernate.type.CharacterType@1649b0e6
  20:28:21,686 DEBUG BasicTypeRegistry:135 - Adding type registration java.lang.Character -> org.hibernate.type.CharacterType@1649b0e6
  20:28:21,687 DEBUG BasicTypeRegistry:135 - Adding type registration short -> org.hibernate.type.ShortType@2abf4075
  20:28:21,688 DEBUG BasicTypeRegistry:135 - Adding type registration short -> org.hibernate.type.ShortType@2abf4075
  20:28:21,688 DEBUG BasicTypeRegistry:135 - Adding type registration java.lang.Short -> org.hibernate.type.ShortType@2abf4075
  20:28:21,689 DEBUG BasicTypeRegistry:135 - Adding type registration integer -> org.hibernate.type.IntegerType@1f97cf0d
  20:28:21,690 DEBUG BasicTypeRegistry:135 - Adding type registration int -> org.hibernate.type.IntegerType@1f97cf0d
  20:28:21,690 DEBUG BasicTypeRegistry:135 - Adding type registration java.lang.Integer -> org.hibernate.type.IntegerType@1f97cf0d
  20:28:21,692 DEBUG BasicTypeRegistry:135 - Adding type registration long -> org.hibernate.type.LongType@2e222612
  20:28:21,692 DEBUG BasicTypeRegistry:135 - Adding type registration long -> org.hibernate.type.LongType@2e222612
  20:28:21,692 DEBUG BasicTypeRegistry:135 - Adding type registration java.lang.Long -> org.hibernate.type.LongType@2e222612
  20:28:21,693 DEBUG BasicTypeRegistry:135 - Adding type registration float -> org.hibernate.type.FloatType@34f7cfd9
  20:28:21,694 DEBUG BasicTypeRegistry:135 - Adding type registration float -> org.hibernate.type.FloatType@34f7cfd9
  20:28:21,694 DEBUG BasicTypeRegistry:135 - Adding type registration java.lang.Float -> org.hibernate.type.FloatType@34f7cfd9
  20:28:21,696 DEBUG BasicTypeRegistry:135 - Adding type registration double -> org.hibernate.type.DoubleType@3d1cfad4
  20:28:21,697 DEBUG BasicTypeRegistry:135 - Adding type registration double -> org.hibernate.type.DoubleType@3d1cfad4
  20:28:21,697 DEBUG BasicTypeRegistry:135 - Adding type registration java.lang.Double -> org.hibernate.type.DoubleType@3d1cfad4
  20:28:21,699 DEBUG BasicTypeRegistry:135 - Adding type registration big_decimal -> org.hibernate.type.BigDecimalType@11bd0f3b
  20:28:21,699 DEBUG BasicTypeRegistry:135 - Adding type registration java.math.BigDecimal -> org.hibernate.type.BigDecimalType@11bd0f3b
  20:28:21,700 DEBUG BasicTypeRegistry:135 - Adding type registration big_integer -> org.hibernate.type.BigIntegerType@72cde7cc
  20:28:21,701 DEBUG BasicTypeRegistry:135 - Adding type registration java.math.BigInteger -> org.hibernate.type.BigIntegerType@72cde7cc
  20:28:21,702 DEBUG BasicTypeRegistry:135 - Adding type registration string -> org.hibernate.type.StringType@2bfc268b
  20:28:21,702 DEBUG BasicTypeRegistry:135 - Adding type registration java.lang.String -> org.hibernate.type.StringType@2bfc268b
  20:28:21,703 DEBUG BasicTypeRegistry:135 - Adding type registration nstring -> org.hibernate.type.StringNVarcharType@4944252c
  20:28:21,704 DEBUG BasicTypeRegistry:135 - Adding type registration ncharacter -> org.hibernate.type.CharacterNCharType@272ed83b
  20:28:21,705 DEBUG BasicTypeRegistry:135 - Adding type registration url -> org.hibernate.type.UrlType@66498326
  20:28:21,706 DEBUG BasicTypeRegistry:135 - Adding type registration java.net.URL -> org.hibernate.type.UrlType@66498326
  20:28:21,708 DEBUG BasicTypeRegistry:135 - Adding type registration date -> org.hibernate.type.DateType@4e096385
  20:28:21,708 DEBUG BasicTypeRegistry:135 - Adding type registration java.sql.Date -> org.hibernate.type.DateType@4e096385
  20:28:21,710 DEBUG BasicTypeRegistry:135 - Adding type registration time -> org.hibernate.type.TimeType@1a4013
  20:28:21,710 DEBUG BasicTypeRegistry:135 - Adding type registration java.sql.Time -> org.hibernate.type.TimeType@1a4013
  20:28:21,711 DEBUG BasicTypeRegistry:135 - Adding type registration timestamp -> org.hibernate.type.TimestampType@2dde1bff
  20:28:21,712 DEBUG BasicTypeRegistry:135 - Adding type registration java.sql.Timestamp -> org.hibernate.type.TimestampType@2dde1bff
  20:28:21,712 DEBUG BasicTypeRegistry:135 - Adding type registration java.util.Date -> org.hibernate.type.TimestampType@2dde1bff
  20:28:21,714 DEBUG BasicTypeRegistry:135 - Adding type registration dbtimestamp -> org.hibernate.type.DbTimestampType@5f9b2141
  20:28:21,715 DEBUG BasicTypeRegistry:135 - Adding type registration calendar -> org.hibernate.type.CalendarType@50ad3bc1
  20:28:21,715 DEBUG BasicTypeRegistry:135 - Adding type registration java.util.Calendar -> org.hibernate.type.CalendarType@50ad3bc1
  20:28:21,716 DEBUG BasicTypeRegistry:135 - Adding type registration java.util.GregorianCalendar -> org.hibernate.type.CalendarType@50ad3bc1
  20:28:21,717 DEBUG BasicTypeRegistry:135 - Adding type registration calendar_date -> org.hibernate.type.CalendarDateType@193f604a
  20:28:21,718 DEBUG BasicTypeRegistry:135 - Adding type registration locale -> org.hibernate.type.LocaleType@d29f28
  20:28:21,719 DEBUG BasicTypeRegistry:135 - Adding type registration java.util.Locale -> org.hibernate.type.LocaleType@d29f28
  20:28:21,720 DEBUG BasicTypeRegistry:135 - Adding type registration currency -> org.hibernate.type.CurrencyType@446293d
  20:28:21,721 DEBUG BasicTypeRegistry:135 - Adding type registration java.util.Currency -> org.hibernate.type.CurrencyType@446293d
  20:28:21,722 DEBUG BasicTypeRegistry:135 - Adding type registration timezone -> org.hibernate.type.TimeZoneType@15aab8c6
  20:28:21,722 DEBUG BasicTypeRegistry:135 - Adding type registration java.util.TimeZone -> org.hibernate.type.TimeZoneType@15aab8c6
  20:28:21,723 DEBUG BasicTypeRegistry:135 - Adding type registration class -> org.hibernate.type.ClassType@6babf3bf
  20:28:21,723 DEBUG BasicTypeRegistry:135 - Adding type registration java.lang.Class -> org.hibernate.type.ClassType@6babf3bf
  20:28:21,725 DEBUG BasicTypeRegistry:135 - Adding type registration uuid-binary -> org.hibernate.type.UUIDBinaryType@1e683a3e
  20:28:21,725 DEBUG BasicTypeRegistry:135 - Adding type registration java.util.UUID -> org.hibernate.type.UUIDBinaryType@1e683a3e
  20:28:21,725 DEBUG BasicTypeRegistry:135 - Adding type registration uuid-char -> org.hibernate.type.UUIDCharType@14555e0a
  20:28:21,737 DEBUG BasicTypeRegistry:135 - Adding type registration binary -> org.hibernate.type.BinaryType@6f46426d
  20:28:21,738 DEBUG BasicTypeRegistry:135 - Adding type registration byte[] -> org.hibernate.type.BinaryType@6f46426d
  20:28:21,738 DEBUG BasicTypeRegistry:135 - Adding type registration [B -> org.hibernate.type.BinaryType@6f46426d
  20:28:21,740 DEBUG BasicTypeRegistry:135 - Adding type registration wrapper-binary -> org.hibernate.type.WrapperBinaryType@3e84448c
  20:28:21,741 DEBUG BasicTypeRegistry:135 - Adding type registration Byte[] -> org.hibernate.type.WrapperBinaryType@3e84448c
  20:28:21,741 DEBUG BasicTypeRegistry:135 - Adding type registration [Ljava.lang.Byte; -> org.hibernate.type.WrapperBinaryType@3e84448c
  20:28:21,743 DEBUG BasicTypeRegistry:135 - Adding type registration image -> org.hibernate.type.ImageType@7e5afaa6
  20:28:21,745 DEBUG BasicTypeRegistry:135 - Adding type registration characters -> org.hibernate.type.CharArrayType@581ac8a8
  20:28:21,746 DEBUG BasicTypeRegistry:135 - Adding type registration char[] -> org.hibernate.type.CharArrayType@581ac8a8
  20:28:21,747 DEBUG BasicTypeRegistry:135 - Adding type registration [C -> org.hibernate.type.CharArrayType@581ac8a8
  20:28:21,748 DEBUG BasicTypeRegistry:135 - Adding type registration wrapper-characters -> org.hibernate.type.CharacterArrayType@67c33749
  20:28:21,748 DEBUG BasicTypeRegistry:135 - Adding type registration [Ljava.lang.Character; -> org.hibernate.type.CharacterArrayType@67c33749
  20:28:21,749 DEBUG BasicTypeRegistry:135 - Adding type registration Character[] -> org.hibernate.type.CharacterArrayType@67c33749
  20:28:21,750 DEBUG BasicTypeRegistry:135 - Adding type registration text -> org.hibernate.type.TextType@2a54a73f
  20:28:21,751 DEBUG BasicTypeRegistry:135 - Adding type registration ntext -> org.hibernate.type.NTextType@4efc180e
  20:28:21,757 DEBUG BasicTypeRegistry:135 - Adding type registration blob -> org.hibernate.type.BlobType@35aea049
  20:28:21,758 DEBUG BasicTypeRegistry:135 - Adding type registration java.sql.Blob -> org.hibernate.type.BlobType@35aea049
  20:28:21,759 DEBUG BasicTypeRegistry:135 - Adding type registration materialized_blob -> org.hibernate.type.MaterializedBlobType@22ef9844
  20:28:21,762 DEBUG BasicTypeRegistry:135 - Adding type registration clob -> org.hibernate.type.ClobType@25fb8912
  20:28:21,763 DEBUG BasicTypeRegistry:135 - Adding type registration java.sql.Clob -> org.hibernate.type.ClobType@25fb8912
  20:28:21,766 DEBUG BasicTypeRegistry:135 - Adding type registration nclob -> org.hibernate.type.NClobType@342c38f8
  20:28:21,766 DEBUG BasicTypeRegistry:135 - Adding type registration java.sql.NClob -> org.hibernate.type.NClobType@342c38f8
  20:28:21,767 DEBUG BasicTypeRegistry:135 - Adding type registration materialized_clob -> org.hibernate.type.MaterializedClobType@485966cc
  20:28:21,768 DEBUG BasicTypeRegistry:135 - Adding type registration materialized_nclob -> org.hibernate.type.MaterializedNClobType@593aaf41
  20:28:21,770 DEBUG BasicTypeRegistry:135 - Adding type registration serializable -> org.hibernate.type.SerializableType@37d4349f
  20:28:21,774 DEBUG BasicTypeRegistry:135 - Adding type registration object -> org.hibernate.type.ObjectType@6404f418
  20:28:21,774 DEBUG BasicTypeRegistry:135 - Adding type registration java.lang.Object -> org.hibernate.type.ObjectType@6404f418
  20:28:21,775 DEBUG BasicTypeRegistry:135 - Adding type registration imm_date -> org.hibernate.type.AdaptedImmutableType@729d991e
  20:28:21,776 DEBUG BasicTypeRegistry:135 - Adding type registration imm_time -> org.hibernate.type.AdaptedImmutableType@31fa1761
  20:28:21,776 DEBUG BasicTypeRegistry:135 - Adding type registration imm_timestamp -> org.hibernate.type.AdaptedImmutableType@957e06
  20:28:21,776 DEBUG BasicTypeRegistry:135 - Adding type registration imm_dbtimestamp -> org.hibernate.type.AdaptedImmutableType@32502377
  20:28:21,776 DEBUG BasicTypeRegistry:135 - Adding type registration imm_calendar -> org.hibernate.type.AdaptedImmutableType@2c1b194a
  20:28:21,777 DEBUG BasicTypeRegistry:135 - Adding type registration imm_calendar_date -> org.hibernate.type.AdaptedImmutableType@4dbb42b7
  20:28:21,777 DEBUG BasicTypeRegistry:135 - Adding type registration imm_binary -> org.hibernate.type.AdaptedImmutableType@66f57048
  20:28:21,777 DEBUG BasicTypeRegistry:135 - Adding type registration imm_serializable -> org.hibernate.type.AdaptedImmutableType@550dbc7a
  20:28:22,104  INFO Dialect:154 - HHH000400: Using dialect: org.hibernate.dialect.MySQLDialect
  20:28:22,443 TRACE TypeFactory:60 - Scoping types to session factory org.hibernate.internal.SessionFactoryImpl@698122b2
  20:28:22,663  INFO SchemaUpdate:101 - HHH000228: Running hbm2ddl schema update
  20:28:22,851  INFO HibernateTransactionManager:357 - Using DataSource [org.springframework.jdbc.datasource.DriverManagerDataSource@1198b989] of Hibernate SessionFactory for HibernateTransactionManager
  20:28:22,956  INFO QueryTranslatorFactoryInitiator:47 - HHH000397: Using ASTQueryTranslatorFactory
  20:28:23,112 TRACE BasicExtractor:61 - extracted value ([id1_0_] : [INTEGER]) - [1]
  20:28:23,120 TRACE BasicExtractor:61 - extracted value ([address2_0_] : [VARCHAR]) - [hyderabad]
  20:28:23,121 TRACE BasicExtractor:61 - extracted value ([name3_0_] : [VARCHAR]) - [arpit]
  20:28:23,123 TRACE BasicExtractor:61 - extracted value ([id1_0_] : [INTEGER]) - [1]
  20:28:23,123 TRACE BasicExtractor:61 - extracted value ([id1_0_] : [INTEGER]) - [1]
  20:28:23,124 TRACE BasicExtractor:61 - extracted value ([id1_0_] : [INTEGER]) - [1]
  20:28:23,124 TRACE BasicExtractor:61 - extracted value ([id1_0_] : [INTEGER]) - [1]
  20:28:23,124 TRACE BasicExtractor:61 - extracted value ([id1_0_] : [INTEGER]) - [1]
  20:28:23,160 TRACE BasicBinder:64 - binding parameter [1] as [VARCHAR] - [hyderabad]
  20:28:23,161 TRACE BasicBinder:64 - binding parameter [2] as [VARCHAR] - [arpit]
  20:28:23,162 TRACE BasicBinder:64 - binding parameter [3] as [INTEGER] - [1]
  20:33:22,588  INFO ContainerTest:34 - log aya 
  20:33:22,843  INFO AnnotationConfigApplicationContext:583 - Refreshing org.springframework.context.annotation.AnnotationConfigApplicationContext@73a8dfcc: startup date [Thu Dec 14 20:33:22 IST 2017]; root of context hierarchy
  20:33:23,087  WARN ConfigurationClassEnhancer:350 - @Bean method AppConfig.getPropertyPlaceholderConfigurer is non-static and returns an object assignable to Spring's BeanFactoryPostProcessor interface. This will result in a failure to process annotations such as @Autowired, @Resource and @PostConstruct within the method's declaring @Configuration class. Add the 'static' modifier to this method to avoid these container lifecycle issues; see @Bean javadoc for complete details.
  20:33:23,115  INFO AutowiredAnnotationBeanPostProcessor:155 - JSR-330 'javax.inject.Inject' annotation found and supported for autowiring
  20:33:23,205  INFO DriverManagerDataSource:133 - Loaded JDBC driver: com.mysql.cj.jdbc.Driver
  20:33:23,339  INFO Version:37 - HHH000412: Hibernate Core {5.0.4.Final}
  20:33:23,341  INFO Environment:213 - HHH000206: hibernate.properties not found
  20:33:23,342  INFO Environment:317 - HHH000021: Bytecode provider name : javassist
  20:33:23,390  INFO Version:66 - HCANN000001: Hibernate Commons Annotations {5.0.0.Final}
  20:33:23,408 DEBUG BasicTypeRegistry:135 - Adding type registration boolean -> org.hibernate.type.BooleanType@61d6015a
  20:33:23,409 DEBUG BasicTypeRegistry:135 - Adding type registration boolean -> org.hibernate.type.BooleanType@61d6015a
  20:33:23,409 DEBUG BasicTypeRegistry:135 - Adding type registration java.lang.Boolean -> org.hibernate.type.BooleanType@61d6015a
  20:33:23,411 DEBUG BasicTypeRegistry:135 - Adding type registration numeric_boolean -> org.hibernate.type.NumericBooleanType@4ef37659
  20:33:23,413 DEBUG BasicTypeRegistry:135 - Adding type registration true_false -> org.hibernate.type.TrueFalseType@5136d012
  20:33:23,414 DEBUG BasicTypeRegistry:135 - Adding type registration yes_no -> org.hibernate.type.YesNoType@52102734
  20:33:23,416 DEBUG BasicTypeRegistry:135 - Adding type registration byte -> org.hibernate.type.ByteType@29647f75
  20:33:23,418 DEBUG BasicTypeRegistry:135 - Adding type registration byte -> org.hibernate.type.ByteType@29647f75
  20:33:23,419 DEBUG BasicTypeRegistry:135 - Adding type registration java.lang.Byte -> org.hibernate.type.ByteType@29647f75
  20:33:23,420 DEBUG BasicTypeRegistry:135 - Adding type registration character -> org.hibernate.type.CharacterType@865dd6
  20:33:23,420 DEBUG BasicTypeRegistry:135 - Adding type registration char -> org.hibernate.type.CharacterType@865dd6
  20:33:23,421 DEBUG BasicTypeRegistry:135 - Adding type registration java.lang.Character -> org.hibernate.type.CharacterType@865dd6
  20:33:23,422 DEBUG BasicTypeRegistry:135 - Adding type registration short -> org.hibernate.type.ShortType@770d3326
  20:33:23,423 DEBUG BasicTypeRegistry:135 - Adding type registration short -> org.hibernate.type.ShortType@770d3326
  20:33:23,423 DEBUG BasicTypeRegistry:135 - Adding type registration java.lang.Short -> org.hibernate.type.ShortType@770d3326
  20:33:23,424 DEBUG BasicTypeRegistry:135 - Adding type registration integer -> org.hibernate.type.IntegerType@140c9f39
  20:33:23,424 DEBUG BasicTypeRegistry:135 - Adding type registration int -> org.hibernate.type.IntegerType@140c9f39
  20:33:23,425 DEBUG BasicTypeRegistry:135 - Adding type registration java.lang.Integer -> org.hibernate.type.IntegerType@140c9f39
  20:33:23,427 DEBUG BasicTypeRegistry:135 - Adding type registration long -> org.hibernate.type.LongType@61386958
  20:33:23,427 DEBUG BasicTypeRegistry:135 - Adding type registration long -> org.hibernate.type.LongType@61386958
  20:33:23,427 DEBUG BasicTypeRegistry:135 - Adding type registration java.lang.Long -> org.hibernate.type.LongType@61386958
  20:33:23,430 DEBUG BasicTypeRegistry:135 - Adding type registration float -> org.hibernate.type.FloatType@65f095f8
  20:33:23,430 DEBUG BasicTypeRegistry:135 - Adding type registration float -> org.hibernate.type.FloatType@65f095f8
  20:33:23,430 DEBUG BasicTypeRegistry:135 - Adding type registration java.lang.Float -> org.hibernate.type.FloatType@65f095f8
  20:33:23,433 DEBUG BasicTypeRegistry:135 - Adding type registration double -> org.hibernate.type.DoubleType@62230c58
  20:33:23,433 DEBUG BasicTypeRegistry:135 - Adding type registration double -> org.hibernate.type.DoubleType@62230c58
  20:33:23,433 DEBUG BasicTypeRegistry:135 - Adding type registration java.lang.Double -> org.hibernate.type.DoubleType@62230c58
  20:33:23,435 DEBUG BasicTypeRegistry:135 - Adding type registration big_decimal -> org.hibernate.type.BigDecimalType@c333c60
  20:33:23,436 DEBUG BasicTypeRegistry:135 - Adding type registration java.math.BigDecimal -> org.hibernate.type.BigDecimalType@c333c60
  20:33:23,437 DEBUG BasicTypeRegistry:135 - Adding type registration big_integer -> org.hibernate.type.BigIntegerType@5fd4f8f5
  20:33:23,438 DEBUG BasicTypeRegistry:135 - Adding type registration java.math.BigInteger -> org.hibernate.type.BigIntegerType@5fd4f8f5
  20:33:23,439 DEBUG BasicTypeRegistry:135 - Adding type registration string -> org.hibernate.type.StringType@2f8dad04
  20:33:23,439 DEBUG BasicTypeRegistry:135 - Adding type registration java.lang.String -> org.hibernate.type.StringType@2f8dad04
  20:33:23,440 DEBUG BasicTypeRegistry:135 - Adding type registration nstring -> org.hibernate.type.StringNVarcharType@44821a96
  20:33:23,441 DEBUG BasicTypeRegistry:135 - Adding type registration ncharacter -> org.hibernate.type.CharacterNCharType@41fecb8b
  20:33:23,442 DEBUG BasicTypeRegistry:135 - Adding type registration url -> org.hibernate.type.UrlType@cad498c
  20:33:23,443 DEBUG BasicTypeRegistry:135 - Adding type registration java.net.URL -> org.hibernate.type.UrlType@cad498c
  20:33:23,446 DEBUG BasicTypeRegistry:135 - Adding type registration date -> org.hibernate.type.DateType@649bec2e
  20:33:23,447 DEBUG BasicTypeRegistry:135 - Adding type registration java.sql.Date -> org.hibernate.type.DateType@649bec2e
  20:33:23,449 DEBUG BasicTypeRegistry:135 - Adding type registration time -> org.hibernate.type.TimeType@1b6e1eff
  20:33:23,450 DEBUG BasicTypeRegistry:135 - Adding type registration java.sql.Time -> org.hibernate.type.TimeType@1b6e1eff
  20:33:23,452 DEBUG BasicTypeRegistry:135 - Adding type registration timestamp -> org.hibernate.type.TimestampType@15bbf42f
  20:33:23,452 DEBUG BasicTypeRegistry:135 - Adding type registration java.sql.Timestamp -> org.hibernate.type.TimestampType@15bbf42f
  20:33:23,452 DEBUG BasicTypeRegistry:135 - Adding type registration java.util.Date -> org.hibernate.type.TimestampType@15bbf42f
  20:33:23,454 DEBUG BasicTypeRegistry:135 - Adding type registration dbtimestamp -> org.hibernate.type.DbTimestampType@247d8ae
  20:33:23,456 DEBUG BasicTypeRegistry:135 - Adding type registration calendar -> org.hibernate.type.CalendarType@223aa2f7
  20:33:23,456 DEBUG BasicTypeRegistry:135 - Adding type registration java.util.Calendar -> org.hibernate.type.CalendarType@223aa2f7
  20:33:23,457 DEBUG BasicTypeRegistry:135 - Adding type registration java.util.GregorianCalendar -> org.hibernate.type.CalendarType@223aa2f7
  20:33:23,458 DEBUG BasicTypeRegistry:135 - Adding type registration calendar_date -> org.hibernate.type.CalendarDateType@20f5239f
  20:33:23,460 DEBUG BasicTypeRegistry:135 - Adding type registration locale -> org.hibernate.type.LocaleType@2fd1433e
  20:33:23,460 DEBUG BasicTypeRegistry:135 - Adding type registration java.util.Locale -> org.hibernate.type.LocaleType@2fd1433e
  20:33:23,462 DEBUG BasicTypeRegistry:135 - Adding type registration currency -> org.hibernate.type.CurrencyType@69997e9d
  20:33:23,464 DEBUG BasicTypeRegistry:135 - Adding type registration java.util.Currency -> org.hibernate.type.CurrencyType@69997e9d
  20:33:23,466 DEBUG BasicTypeRegistry:135 - Adding type registration timezone -> org.hibernate.type.TimeZoneType@33990a0c
  20:33:23,466 DEBUG BasicTypeRegistry:135 - Adding type registration java.util.TimeZone -> org.hibernate.type.TimeZoneType@33990a0c
  20:33:23,468 DEBUG BasicTypeRegistry:135 - Adding type registration class -> org.hibernate.type.ClassType@3059cbc
  20:33:23,468 DEBUG BasicTypeRegistry:135 - Adding type registration java.lang.Class -> org.hibernate.type.ClassType@3059cbc
  20:33:23,470 DEBUG BasicTypeRegistry:135 - Adding type registration uuid-binary -> org.hibernate.type.UUIDBinaryType@2053d869
  20:33:23,470 DEBUG BasicTypeRegistry:135 - Adding type registration java.util.UUID -> org.hibernate.type.UUIDBinaryType@2053d869
  20:33:23,471 DEBUG BasicTypeRegistry:135 - Adding type registration uuid-char -> org.hibernate.type.UUIDCharType@4bb33f74
  20:33:23,473 DEBUG BasicTypeRegistry:135 - Adding type registration binary -> org.hibernate.type.BinaryType@73700b80
  20:33:23,474 DEBUG BasicTypeRegistry:135 - Adding type registration byte[] -> org.hibernate.type.BinaryType@73700b80
  20:33:23,474 DEBUG BasicTypeRegistry:135 - Adding type registration [B -> org.hibernate.type.BinaryType@73700b80
  20:33:23,476 DEBUG BasicTypeRegistry:135 - Adding type registration wrapper-binary -> org.hibernate.type.WrapperBinaryType@4a7f959b
  20:33:23,477 DEBUG BasicTypeRegistry:135 - Adding type registration Byte[] -> org.hibernate.type.WrapperBinaryType@4a7f959b
  20:33:23,478 DEBUG BasicTypeRegistry:135 - Adding type registration [Ljava.lang.Byte; -> org.hibernate.type.WrapperBinaryType@4a7f959b
  20:33:23,480 DEBUG BasicTypeRegistry:135 - Adding type registration image -> org.hibernate.type.ImageType@63a12c68
  20:33:23,482 DEBUG BasicTypeRegistry:135 - Adding type registration characters -> org.hibernate.type.CharArrayType@6d4e5011
  20:33:23,483 DEBUG BasicTypeRegistry:135 - Adding type registration char[] -> org.hibernate.type.CharArrayType@6d4e5011
  20:33:23,483 DEBUG BasicTypeRegistry:135 - Adding type registration [C -> org.hibernate.type.CharArrayType@6d4e5011
  20:33:23,484 DEBUG BasicTypeRegistry:135 - Adding type registration wrapper-characters -> org.hibernate.type.CharacterArrayType@fba92d3
  20:33:23,485 DEBUG BasicTypeRegistry:135 - Adding type registration [Ljava.lang.Character; -> org.hibernate.type.CharacterArrayType@fba92d3
  20:33:23,485 DEBUG BasicTypeRegistry:135 - Adding type registration Character[] -> org.hibernate.type.CharacterArrayType@fba92d3
  20:33:23,486 DEBUG BasicTypeRegistry:135 - Adding type registration text -> org.hibernate.type.TextType@16a0ee18
  20:33:23,487 DEBUG BasicTypeRegistry:135 - Adding type registration ntext -> org.hibernate.type.NTextType@bd4dc25
  20:33:23,493 DEBUG BasicTypeRegistry:135 - Adding type registration blob -> org.hibernate.type.BlobType@7205765b
  20:33:23,494 DEBUG BasicTypeRegistry:135 - Adding type registration java.sql.Blob -> org.hibernate.type.BlobType@7205765b
  20:33:23,495 DEBUG BasicTypeRegistry:135 - Adding type registration materialized_blob -> org.hibernate.type.MaterializedBlobType@6283d8b8
  20:33:23,501 DEBUG BasicTypeRegistry:135 - Adding type registration clob -> org.hibernate.type.ClobType@7c24b813
  20:33:23,501 DEBUG BasicTypeRegistry:135 - Adding type registration java.sql.Clob -> org.hibernate.type.ClobType@7c24b813
  20:33:23,505 DEBUG BasicTypeRegistry:135 - Adding type registration nclob -> org.hibernate.type.NClobType@c88a337
  20:33:23,506 DEBUG BasicTypeRegistry:135 - Adding type registration java.sql.NClob -> org.hibernate.type.NClobType@c88a337
  20:33:23,506 DEBUG BasicTypeRegistry:135 - Adding type registration materialized_clob -> org.hibernate.type.MaterializedClobType@1de76cc7
  20:33:23,507 DEBUG BasicTypeRegistry:135 - Adding type registration materialized_nclob -> org.hibernate.type.MaterializedNClobType@5a56cdac
  20:33:23,508 DEBUG BasicTypeRegistry:135 - Adding type registration serializable -> org.hibernate.type.SerializableType@434a63ab
  20:33:23,511 DEBUG BasicTypeRegistry:135 - Adding type registration object -> org.hibernate.type.ObjectType@3e11f9e9
  20:33:23,512 DEBUG BasicTypeRegistry:135 - Adding type registration java.lang.Object -> org.hibernate.type.ObjectType@3e11f9e9
  20:33:23,515 DEBUG BasicTypeRegistry:135 - Adding type registration imm_date -> org.hibernate.type.AdaptedImmutableType@31fa1761
  20:33:23,515 DEBUG BasicTypeRegistry:135 - Adding type registration imm_time -> org.hibernate.type.AdaptedImmutableType@957e06
  20:33:23,515 DEBUG BasicTypeRegistry:135 - Adding type registration imm_timestamp -> org.hibernate.type.AdaptedImmutableType@32502377
  20:33:23,516 DEBUG BasicTypeRegistry:135 - Adding type registration imm_dbtimestamp -> org.hibernate.type.AdaptedImmutableType@2c1b194a
  20:33:23,516 DEBUG BasicTypeRegistry:135 - Adding type registration imm_calendar -> org.hibernate.type.AdaptedImmutableType@4dbb42b7
  20:33:23,516 DEBUG BasicTypeRegistry:135 - Adding type registration imm_calendar_date -> org.hibernate.type.AdaptedImmutableType@66f57048
  20:33:23,517 DEBUG BasicTypeRegistry:135 - Adding type registration imm_binary -> org.hibernate.type.AdaptedImmutableType@550dbc7a
  20:33:23,517 DEBUG BasicTypeRegistry:135 - Adding type registration imm_serializable -> org.hibernate.type.AdaptedImmutableType@21282ed8
  20:33:23,838  INFO Dialect:154 - HHH000400: Using dialect: org.hibernate.dialect.MySQLDialect
  20:33:24,178 TRACE TypeFactory:60 - Scoping types to session factory org.hibernate.internal.SessionFactoryImpl@4212a0c8
  20:33:24,384  INFO SchemaUpdate:101 - HHH000228: Running hbm2ddl schema update
  20:33:24,556  INFO HibernateTransactionManager:357 - Using DataSource [org.springframework.jdbc.datasource.DriverManagerDataSource@2aa3cd93] of Hibernate SessionFactory for HibernateTransactionManager
  20:33:24,655  INFO QueryTranslatorFactoryInitiator:47 - HHH000397: Using ASTQueryTranslatorFactory
  20:33:24,811 TRACE BasicExtractor:61 - extracted value ([id1_0_] : [INTEGER]) - [1]
  20:33:24,820 TRACE BasicExtractor:61 - extracted value ([address2_0_] : [VARCHAR]) - [hyderabad]
  20:33:24,820 TRACE BasicExtractor:61 - extracted value ([name3_0_] : [VARCHAR]) - [arpit]
  20:33:24,822 TRACE BasicExtractor:61 - extracted value ([id1_0_] : [INTEGER]) - [1]
  20:33:24,823 TRACE BasicExtractor:61 - extracted value ([id1_0_] : [INTEGER]) - [1]
  20:33:24,823 TRACE BasicExtractor:61 - extracted value ([id1_0_] : [INTEGER]) - [1]
  20:33:24,823 TRACE BasicExtractor:61 - extracted value ([id1_0_] : [INTEGER]) - [1]
  20:33:24,824 TRACE BasicExtractor:61 - extracted value ([id1_0_] : [INTEGER]) - [1]
  20:33:24,824 TRACE BasicExtractor:61 - extracted value ([id1_0_] : [INTEGER]) - [1]
  20:33:24,869 TRACE BasicBinder:64 - binding parameter [1] as [VARCHAR] - [hyderabad]
  20:33:24,870 TRACE BasicBinder:64 - binding parameter [2] as [VARCHAR] - [arpit]
  20:33:24,871 TRACE BasicBinder:64 - binding parameter [3] as [INTEGER] - [1]
  20:34:34,169  INFO ContainerTest:34 - log aya 
  20:34:34,438  INFO AnnotationConfigApplicationContext:583 - Refreshing org.springframework.context.annotation.AnnotationConfigApplicationContext@73a8dfcc: startup date [Thu Dec 14 20:34:34 IST 2017]; root of context hierarchy
  20:34:34,696  WARN ConfigurationClassEnhancer:350 - @Bean method AppConfig.getPropertyPlaceholderConfigurer is non-static and returns an object assignable to Spring's BeanFactoryPostProcessor interface. This will result in a failure to process annotations such as @Autowired, @Resource and @PostConstruct within the method's declaring @Configuration class. Add the 'static' modifier to this method to avoid these container lifecycle issues; see @Bean javadoc for complete details.
  20:34:34,724  INFO AutowiredAnnotationBeanPostProcessor:155 - JSR-330 'javax.inject.Inject' annotation found and supported for autowiring
  20:34:34,812  INFO DriverManagerDataSource:133 - Loaded JDBC driver: com.mysql.cj.jdbc.Driver
  20:34:34,950  INFO Version:37 - HHH000412: Hibernate Core {5.0.4.Final}
  20:34:34,953  INFO Environment:213 - HHH000206: hibernate.properties not found
  20:34:34,955  INFO Environment:317 - HHH000021: Bytecode provider name : javassist
  20:34:35,004  INFO Version:66 - HCANN000001: Hibernate Commons Annotations {5.0.0.Final}
  20:34:35,025 DEBUG BasicTypeRegistry:135 - Adding type registration boolean -> org.hibernate.type.BooleanType@61d6015a
  20:34:35,026 DEBUG BasicTypeRegistry:135 - Adding type registration boolean -> org.hibernate.type.BooleanType@61d6015a
  20:34:35,026 DEBUG BasicTypeRegistry:135 - Adding type registration java.lang.Boolean -> org.hibernate.type.BooleanType@61d6015a
  20:34:35,027 DEBUG BasicTypeRegistry:135 - Adding type registration numeric_boolean -> org.hibernate.type.NumericBooleanType@4ef37659
  20:34:35,029 DEBUG BasicTypeRegistry:135 - Adding type registration true_false -> org.hibernate.type.TrueFalseType@5136d012
  20:34:35,030 DEBUG BasicTypeRegistry:135 - Adding type registration yes_no -> org.hibernate.type.YesNoType@52102734
  20:34:35,031 DEBUG BasicTypeRegistry:135 - Adding type registration byte -> org.hibernate.type.ByteType@29647f75
  20:34:35,033 DEBUG BasicTypeRegistry:135 - Adding type registration byte -> org.hibernate.type.ByteType@29647f75
  20:34:35,034 DEBUG BasicTypeRegistry:135 - Adding type registration java.lang.Byte -> org.hibernate.type.ByteType@29647f75
  20:34:35,036 DEBUG BasicTypeRegistry:135 - Adding type registration character -> org.hibernate.type.CharacterType@865dd6
  20:34:35,036 DEBUG BasicTypeRegistry:135 - Adding type registration char -> org.hibernate.type.CharacterType@865dd6
  20:34:35,036 DEBUG BasicTypeRegistry:135 - Adding type registration java.lang.Character -> org.hibernate.type.CharacterType@865dd6
  20:34:35,038 DEBUG BasicTypeRegistry:135 - Adding type registration short -> org.hibernate.type.ShortType@770d3326
  20:34:35,038 DEBUG BasicTypeRegistry:135 - Adding type registration short -> org.hibernate.type.ShortType@770d3326
  20:34:35,039 DEBUG BasicTypeRegistry:135 - Adding type registration java.lang.Short -> org.hibernate.type.ShortType@770d3326
  20:34:35,040 DEBUG BasicTypeRegistry:135 - Adding type registration integer -> org.hibernate.type.IntegerType@140c9f39
  20:34:35,040 DEBUG BasicTypeRegistry:135 - Adding type registration int -> org.hibernate.type.IntegerType@140c9f39
  20:34:35,041 DEBUG BasicTypeRegistry:135 - Adding type registration java.lang.Integer -> org.hibernate.type.IntegerType@140c9f39
  20:34:35,042 DEBUG BasicTypeRegistry:135 - Adding type registration long -> org.hibernate.type.LongType@61386958
  20:34:35,043 DEBUG BasicTypeRegistry:135 - Adding type registration long -> org.hibernate.type.LongType@61386958
  20:34:35,043 DEBUG BasicTypeRegistry:135 - Adding type registration java.lang.Long -> org.hibernate.type.LongType@61386958
  20:34:35,044 DEBUG BasicTypeRegistry:135 - Adding type registration float -> org.hibernate.type.FloatType@65f095f8
  20:34:35,044 DEBUG BasicTypeRegistry:135 - Adding type registration float -> org.hibernate.type.FloatType@65f095f8
  20:34:35,045 DEBUG BasicTypeRegistry:135 - Adding type registration java.lang.Float -> org.hibernate.type.FloatType@65f095f8
  20:34:35,047 DEBUG BasicTypeRegistry:135 - Adding type registration double -> org.hibernate.type.DoubleType@62230c58
  20:34:35,047 DEBUG BasicTypeRegistry:135 - Adding type registration double -> org.hibernate.type.DoubleType@62230c58
  20:34:35,047 DEBUG BasicTypeRegistry:135 - Adding type registration java.lang.Double -> org.hibernate.type.DoubleType@62230c58
  20:34:35,049 DEBUG BasicTypeRegistry:135 - Adding type registration big_decimal -> org.hibernate.type.BigDecimalType@c333c60
  20:34:35,049 DEBUG BasicTypeRegistry:135 - Adding type registration java.math.BigDecimal -> org.hibernate.type.BigDecimalType@c333c60
  20:34:35,052 DEBUG BasicTypeRegistry:135 - Adding type registration big_integer -> org.hibernate.type.BigIntegerType@5fd4f8f5
  20:34:35,052 DEBUG BasicTypeRegistry:135 - Adding type registration java.math.BigInteger -> org.hibernate.type.BigIntegerType@5fd4f8f5
  20:34:35,053 DEBUG BasicTypeRegistry:135 - Adding type registration string -> org.hibernate.type.StringType@2f8dad04
  20:34:35,054 DEBUG BasicTypeRegistry:135 - Adding type registration java.lang.String -> org.hibernate.type.StringType@2f8dad04
  20:34:35,055 DEBUG BasicTypeRegistry:135 - Adding type registration nstring -> org.hibernate.type.StringNVarcharType@44821a96
  20:34:35,055 DEBUG BasicTypeRegistry:135 - Adding type registration ncharacter -> org.hibernate.type.CharacterNCharType@41fecb8b
  20:34:35,056 DEBUG BasicTypeRegistry:135 - Adding type registration url -> org.hibernate.type.UrlType@cad498c
  20:34:35,057 DEBUG BasicTypeRegistry:135 - Adding type registration java.net.URL -> org.hibernate.type.UrlType@cad498c
  20:34:35,058 DEBUG BasicTypeRegistry:135 - Adding type registration date -> org.hibernate.type.DateType@649bec2e
  20:34:35,059 DEBUG BasicTypeRegistry:135 - Adding type registration java.sql.Date -> org.hibernate.type.DateType@649bec2e
  20:34:35,060 DEBUG BasicTypeRegistry:135 - Adding type registration time -> org.hibernate.type.TimeType@1b6e1eff
  20:34:35,061 DEBUG BasicTypeRegistry:135 - Adding type registration java.sql.Time -> org.hibernate.type.TimeType@1b6e1eff
  20:34:35,062 DEBUG BasicTypeRegistry:135 - Adding type registration timestamp -> org.hibernate.type.TimestampType@15bbf42f
  20:34:35,063 DEBUG BasicTypeRegistry:135 - Adding type registration java.sql.Timestamp -> org.hibernate.type.TimestampType@15bbf42f
  20:34:35,063 DEBUG BasicTypeRegistry:135 - Adding type registration java.util.Date -> org.hibernate.type.TimestampType@15bbf42f
  20:34:35,064 DEBUG BasicTypeRegistry:135 - Adding type registration dbtimestamp -> org.hibernate.type.DbTimestampType@247d8ae
  20:34:35,066 DEBUG BasicTypeRegistry:135 - Adding type registration calendar -> org.hibernate.type.CalendarType@223aa2f7
  20:34:35,067 DEBUG BasicTypeRegistry:135 - Adding type registration java.util.Calendar -> org.hibernate.type.CalendarType@223aa2f7
  20:34:35,067 DEBUG BasicTypeRegistry:135 - Adding type registration java.util.GregorianCalendar -> org.hibernate.type.CalendarType@223aa2f7
  20:34:35,069 DEBUG BasicTypeRegistry:135 - Adding type registration calendar_date -> org.hibernate.type.CalendarDateType@20f5239f
  20:34:35,070 DEBUG BasicTypeRegistry:135 - Adding type registration locale -> org.hibernate.type.LocaleType@2fd1433e
  20:34:35,071 DEBUG BasicTypeRegistry:135 - Adding type registration java.util.Locale -> org.hibernate.type.LocaleType@2fd1433e
  20:34:35,072 DEBUG BasicTypeRegistry:135 - Adding type registration currency -> org.hibernate.type.CurrencyType@69997e9d
  20:34:35,072 DEBUG BasicTypeRegistry:135 - Adding type registration java.util.Currency -> org.hibernate.type.CurrencyType@69997e9d
  20:34:35,074 DEBUG BasicTypeRegistry:135 - Adding type registration timezone -> org.hibernate.type.TimeZoneType@33990a0c
  20:34:35,074 DEBUG BasicTypeRegistry:135 - Adding type registration java.util.TimeZone -> org.hibernate.type.TimeZoneType@33990a0c
  20:34:35,075 DEBUG BasicTypeRegistry:135 - Adding type registration class -> org.hibernate.type.ClassType@3059cbc
  20:34:35,075 DEBUG BasicTypeRegistry:135 - Adding type registration java.lang.Class -> org.hibernate.type.ClassType@3059cbc
  20:34:35,077 DEBUG BasicTypeRegistry:135 - Adding type registration uuid-binary -> org.hibernate.type.UUIDBinaryType@2053d869
  20:34:35,077 DEBUG BasicTypeRegistry:135 - Adding type registration java.util.UUID -> org.hibernate.type.UUIDBinaryType@2053d869
  20:34:35,078 DEBUG BasicTypeRegistry:135 - Adding type registration uuid-char -> org.hibernate.type.UUIDCharType@4bb33f74
  20:34:35,080 DEBUG BasicTypeRegistry:135 - Adding type registration binary -> org.hibernate.type.BinaryType@73700b80
  20:34:35,080 DEBUG BasicTypeRegistry:135 - Adding type registration byte[] -> org.hibernate.type.BinaryType@73700b80
  20:34:35,081 DEBUG BasicTypeRegistry:135 - Adding type registration [B -> org.hibernate.type.BinaryType@73700b80
  20:34:35,083 DEBUG BasicTypeRegistry:135 - Adding type registration wrapper-binary -> org.hibernate.type.WrapperBinaryType@4a7f959b
  20:34:35,083 DEBUG BasicTypeRegistry:135 - Adding type registration Byte[] -> org.hibernate.type.WrapperBinaryType@4a7f959b
  20:34:35,085 DEBUG BasicTypeRegistry:135 - Adding type registration [Ljava.lang.Byte; -> org.hibernate.type.WrapperBinaryType@4a7f959b
  20:34:35,086 DEBUG BasicTypeRegistry:135 - Adding type registration image -> org.hibernate.type.ImageType@63a12c68
  20:34:35,087 DEBUG BasicTypeRegistry:135 - Adding type registration characters -> org.hibernate.type.CharArrayType@6d4e5011
  20:34:35,088 DEBUG BasicTypeRegistry:135 - Adding type registration char[] -> org.hibernate.type.CharArrayType@6d4e5011
  20:34:35,088 DEBUG BasicTypeRegistry:135 - Adding type registration [C -> org.hibernate.type.CharArrayType@6d4e5011
  20:34:35,089 DEBUG BasicTypeRegistry:135 - Adding type registration wrapper-characters -> org.hibernate.type.CharacterArrayType@fba92d3
  20:34:35,089 DEBUG BasicTypeRegistry:135 - Adding type registration [Ljava.lang.Character; -> org.hibernate.type.CharacterArrayType@fba92d3
  20:34:35,090 DEBUG BasicTypeRegistry:135 - Adding type registration Character[] -> org.hibernate.type.CharacterArrayType@fba92d3
  20:34:35,091 DEBUG BasicTypeRegistry:135 - Adding type registration text -> org.hibernate.type.TextType@16a0ee18
  20:34:35,092 DEBUG BasicTypeRegistry:135 - Adding type registration ntext -> org.hibernate.type.NTextType@bd4dc25
  20:34:35,095 DEBUG BasicTypeRegistry:135 - Adding type registration blob -> org.hibernate.type.BlobType@7205765b
  20:34:35,095 DEBUG BasicTypeRegistry:135 - Adding type registration java.sql.Blob -> org.hibernate.type.BlobType@7205765b
  20:34:35,096 DEBUG BasicTypeRegistry:135 - Adding type registration materialized_blob -> org.hibernate.type.MaterializedBlobType@6283d8b8
  20:34:35,100 DEBUG BasicTypeRegistry:135 - Adding type registration clob -> org.hibernate.type.ClobType@7c24b813
  20:34:35,101 DEBUG BasicTypeRegistry:135 - Adding type registration java.sql.Clob -> org.hibernate.type.ClobType@7c24b813
  20:34:35,105 DEBUG BasicTypeRegistry:135 - Adding type registration nclob -> org.hibernate.type.NClobType@c88a337
  20:34:35,105 DEBUG BasicTypeRegistry:135 - Adding type registration java.sql.NClob -> org.hibernate.type.NClobType@c88a337
  20:34:35,106 DEBUG BasicTypeRegistry:135 - Adding type registration materialized_clob -> org.hibernate.type.MaterializedClobType@1de76cc7
  20:34:35,106 DEBUG BasicTypeRegistry:135 - Adding type registration materialized_nclob -> org.hibernate.type.MaterializedNClobType@5a56cdac
  20:34:35,107 DEBUG BasicTypeRegistry:135 - Adding type registration serializable -> org.hibernate.type.SerializableType@434a63ab
  20:34:35,113 DEBUG BasicTypeRegistry:135 - Adding type registration object -> org.hibernate.type.ObjectType@3e11f9e9
  20:34:35,114 DEBUG BasicTypeRegistry:135 - Adding type registration java.lang.Object -> org.hibernate.type.ObjectType@3e11f9e9
  20:34:35,115 DEBUG BasicTypeRegistry:135 - Adding type registration imm_date -> org.hibernate.type.AdaptedImmutableType@31fa1761
  20:34:35,116 DEBUG BasicTypeRegistry:135 - Adding type registration imm_time -> org.hibernate.type.AdaptedImmutableType@957e06
  20:34:35,116 DEBUG BasicTypeRegistry:135 - Adding type registration imm_timestamp -> org.hibernate.type.AdaptedImmutableType@32502377
  20:34:35,116 DEBUG BasicTypeRegistry:135 - Adding type registration imm_dbtimestamp -> org.hibernate.type.AdaptedImmutableType@2c1b194a
  20:34:35,117 DEBUG BasicTypeRegistry:135 - Adding type registration imm_calendar -> org.hibernate.type.AdaptedImmutableType@4dbb42b7
  20:34:35,117 DEBUG BasicTypeRegistry:135 - Adding type registration imm_calendar_date -> org.hibernate.type.AdaptedImmutableType@66f57048
  20:34:35,118 DEBUG BasicTypeRegistry:135 - Adding type registration imm_binary -> org.hibernate.type.AdaptedImmutableType@550dbc7a
  20:34:35,118 DEBUG BasicTypeRegistry:135 - Adding type registration imm_serializable -> org.hibernate.type.AdaptedImmutableType@21282ed8
  20:34:35,437  INFO Dialect:154 - HHH000400: Using dialect: org.hibernate.dialect.MySQLDialect
  20:34:35,774 TRACE TypeFactory:60 - Scoping types to session factory org.hibernate.internal.SessionFactoryImpl@4212a0c8
  20:34:35,974  INFO SchemaUpdate:101 - HHH000228: Running hbm2ddl schema update
  20:34:36,147  INFO HibernateTransactionManager:357 - Using DataSource [org.springframework.jdbc.datasource.DriverManagerDataSource@2aa3cd93] of Hibernate SessionFactory for HibernateTransactionManager
  20:34:36,244  INFO QueryTranslatorFactoryInitiator:47 - HHH000397: Using ASTQueryTranslatorFactory
  20:34:36,395 TRACE BasicExtractor:61 - extracted value ([id1_0_] : [INTEGER]) - [1]
  20:34:36,405 TRACE BasicExtractor:61 - extracted value ([address2_0_] : [VARCHAR]) - [hyderabad]
  20:34:36,406 TRACE BasicExtractor:61 - extracted value ([name3_0_] : [VARCHAR]) - [arpit]
  20:34:36,408 TRACE BasicExtractor:61 - extracted value ([id1_0_] : [INTEGER]) - [1]
  20:34:36,408 TRACE BasicExtractor:61 - extracted value ([id1_0_] : [INTEGER]) - [1]
  20:34:36,409 TRACE BasicExtractor:61 - extracted value ([id1_0_] : [INTEGER]) - [1]
  20:34:36,409 TRACE BasicExtractor:61 - extracted value ([id1_0_] : [INTEGER]) - [1]
  20:34:36,410 TRACE BasicExtractor:61 - extracted value ([id1_0_] : [INTEGER]) - [1]
  20:34:36,410 TRACE BasicExtractor:61 - extracted value ([id1_0_] : [INTEGER]) - [1]
  20:34:36,411 TRACE BasicExtractor:61 - extracted value ([id1_0_] : [INTEGER]) - [1]
  20:34:36,457 TRACE BasicBinder:64 - binding parameter [1] as [VARCHAR] - [hyderabad]
  20:34:36,458 TRACE BasicBinder:64 - binding parameter [2] as [VARCHAR] - [arpit]
  20:34:36,458 TRACE BasicBinder:64 - binding parameter [3] as [INTEGER] - [1]
  20:34:59,518  INFO ContainerTest:34 - log aya 
  20:34:59,769  INFO AnnotationConfigApplicationContext:583 - Refreshing org.springframework.context.annotation.AnnotationConfigApplicationContext@73a8dfcc: startup date [Thu Dec 14 20:34:59 IST 2017]; root of context hierarchy
  20:35:00,029  WARN ConfigurationClassEnhancer:350 - @Bean method AppConfig.getPropertyPlaceholderConfigurer is non-static and returns an object assignable to Spring's BeanFactoryPostProcessor interface. This will result in a failure to process annotations such as @Autowired, @Resource and @PostConstruct within the method's declaring @Configuration class. Add the 'static' modifier to this method to avoid these container lifecycle issues; see @Bean javadoc for complete details.
  20:35:00,055  INFO AutowiredAnnotationBeanPostProcessor:155 - JSR-330 'javax.inject.Inject' annotation found and supported for autowiring
  20:35:00,144  INFO DriverManagerDataSource:133 - Loaded JDBC driver: com.mysql.cj.jdbc.Driver
  20:35:00,278  INFO Version:37 - HHH000412: Hibernate Core {5.0.4.Final}
  20:35:00,280  INFO Environment:213 - HHH000206: hibernate.properties not found
  20:35:00,281  INFO Environment:317 - HHH000021: Bytecode provider name : javassist
  20:35:00,328  INFO Version:66 - HCANN000001: Hibernate Commons Annotations {5.0.0.Final}
  20:35:00,345 DEBUG BasicTypeRegistry:135 - Adding type registration boolean -> org.hibernate.type.BooleanType@61d6015a
  20:35:00,346 DEBUG BasicTypeRegistry:135 - Adding type registration boolean -> org.hibernate.type.BooleanType@61d6015a
  20:35:00,346 DEBUG BasicTypeRegistry:135 - Adding type registration java.lang.Boolean -> org.hibernate.type.BooleanType@61d6015a
  20:35:00,348 DEBUG BasicTypeRegistry:135 - Adding type registration numeric_boolean -> org.hibernate.type.NumericBooleanType@4ef37659
  20:35:00,349 DEBUG BasicTypeRegistry:135 - Adding type registration true_false -> org.hibernate.type.TrueFalseType@5136d012
  20:35:00,350 DEBUG BasicTypeRegistry:135 - Adding type registration yes_no -> org.hibernate.type.YesNoType@52102734
  20:35:00,352 DEBUG BasicTypeRegistry:135 - Adding type registration byte -> org.hibernate.type.ByteType@29647f75
  20:35:00,354 DEBUG BasicTypeRegistry:135 - Adding type registration byte -> org.hibernate.type.ByteType@29647f75
  20:35:00,354 DEBUG BasicTypeRegistry:135 - Adding type registration java.lang.Byte -> org.hibernate.type.ByteType@29647f75
  20:35:00,355 DEBUG BasicTypeRegistry:135 - Adding type registration character -> org.hibernate.type.CharacterType@865dd6
  20:35:00,356 DEBUG BasicTypeRegistry:135 - Adding type registration char -> org.hibernate.type.CharacterType@865dd6
  20:35:00,356 DEBUG BasicTypeRegistry:135 - Adding type registration java.lang.Character -> org.hibernate.type.CharacterType@865dd6
  20:35:00,358 DEBUG BasicTypeRegistry:135 - Adding type registration short -> org.hibernate.type.ShortType@770d3326
  20:35:00,358 DEBUG BasicTypeRegistry:135 - Adding type registration short -> org.hibernate.type.ShortType@770d3326
  20:35:00,359 DEBUG BasicTypeRegistry:135 - Adding type registration java.lang.Short -> org.hibernate.type.ShortType@770d3326
  20:35:00,360 DEBUG BasicTypeRegistry:135 - Adding type registration integer -> org.hibernate.type.IntegerType@140c9f39
  20:35:00,360 DEBUG BasicTypeRegistry:135 - Adding type registration int -> org.hibernate.type.IntegerType@140c9f39
  20:35:00,360 DEBUG BasicTypeRegistry:135 - Adding type registration java.lang.Integer -> org.hibernate.type.IntegerType@140c9f39
  20:35:00,362 DEBUG BasicTypeRegistry:135 - Adding type registration long -> org.hibernate.type.LongType@61386958
  20:35:00,362 DEBUG BasicTypeRegistry:135 - Adding type registration long -> org.hibernate.type.LongType@61386958
  20:35:00,363 DEBUG BasicTypeRegistry:135 - Adding type registration java.lang.Long -> org.hibernate.type.LongType@61386958
  20:35:00,364 DEBUG BasicTypeRegistry:135 - Adding type registration float -> org.hibernate.type.FloatType@65f095f8
  20:35:00,364 DEBUG BasicTypeRegistry:135 - Adding type registration float -> org.hibernate.type.FloatType@65f095f8
  20:35:00,364 DEBUG BasicTypeRegistry:135 - Adding type registration java.lang.Float -> org.hibernate.type.FloatType@65f095f8
  20:35:00,366 DEBUG BasicTypeRegistry:135 - Adding type registration double -> org.hibernate.type.DoubleType@62230c58
  20:35:00,367 DEBUG BasicTypeRegistry:135 - Adding type registration double -> org.hibernate.type.DoubleType@62230c58
  20:35:00,367 DEBUG BasicTypeRegistry:135 - Adding type registration java.lang.Double -> org.hibernate.type.DoubleType@62230c58
  20:35:00,369 DEBUG BasicTypeRegistry:135 - Adding type registration big_decimal -> org.hibernate.type.BigDecimalType@c333c60
  20:35:00,370 DEBUG BasicTypeRegistry:135 - Adding type registration java.math.BigDecimal -> org.hibernate.type.BigDecimalType@c333c60
  20:35:00,371 DEBUG BasicTypeRegistry:135 - Adding type registration big_integer -> org.hibernate.type.BigIntegerType@5fd4f8f5
  20:35:00,372 DEBUG BasicTypeRegistry:135 - Adding type registration java.math.BigInteger -> org.hibernate.type.BigIntegerType@5fd4f8f5
  20:35:00,373 DEBUG BasicTypeRegistry:135 - Adding type registration string -> org.hibernate.type.StringType@2f8dad04
  20:35:00,373 DEBUG BasicTypeRegistry:135 - Adding type registration java.lang.String -> org.hibernate.type.StringType@2f8dad04
  20:35:00,374 DEBUG BasicTypeRegistry:135 - Adding type registration nstring -> org.hibernate.type.StringNVarcharType@44821a96
  20:35:00,375 DEBUG BasicTypeRegistry:135 - Adding type registration ncharacter -> org.hibernate.type.CharacterNCharType@41fecb8b
  20:35:00,376 DEBUG BasicTypeRegistry:135 - Adding type registration url -> org.hibernate.type.UrlType@cad498c
  20:35:00,376 DEBUG BasicTypeRegistry:135 - Adding type registration java.net.URL -> org.hibernate.type.UrlType@cad498c
  20:35:00,378 DEBUG BasicTypeRegistry:135 - Adding type registration date -> org.hibernate.type.DateType@649bec2e
  20:35:00,378 DEBUG BasicTypeRegistry:135 - Adding type registration java.sql.Date -> org.hibernate.type.DateType@649bec2e
  20:35:00,380 DEBUG BasicTypeRegistry:135 - Adding type registration time -> org.hibernate.type.TimeType@1b6e1eff
  20:35:00,380 DEBUG BasicTypeRegistry:135 - Adding type registration java.sql.Time -> org.hibernate.type.TimeType@1b6e1eff
  20:35:00,382 DEBUG BasicTypeRegistry:135 - Adding type registration timestamp -> org.hibernate.type.TimestampType@15bbf42f
  20:35:00,382 DEBUG BasicTypeRegistry:135 - Adding type registration java.sql.Timestamp -> org.hibernate.type.TimestampType@15bbf42f
  20:35:00,382 DEBUG BasicTypeRegistry:135 - Adding type registration java.util.Date -> org.hibernate.type.TimestampType@15bbf42f
  20:35:00,384 DEBUG BasicTypeRegistry:135 - Adding type registration dbtimestamp -> org.hibernate.type.DbTimestampType@247d8ae
  20:35:00,386 DEBUG BasicTypeRegistry:135 - Adding type registration calendar -> org.hibernate.type.CalendarType@223aa2f7
  20:35:00,387 DEBUG BasicTypeRegistry:135 - Adding type registration java.util.Calendar -> org.hibernate.type.CalendarType@223aa2f7
  20:35:00,387 DEBUG BasicTypeRegistry:135 - Adding type registration java.util.GregorianCalendar -> org.hibernate.type.CalendarType@223aa2f7
  20:35:00,388 DEBUG BasicTypeRegistry:135 - Adding type registration calendar_date -> org.hibernate.type.CalendarDateType@20f5239f
  20:35:00,389 DEBUG BasicTypeRegistry:135 - Adding type registration locale -> org.hibernate.type.LocaleType@2fd1433e
  20:35:00,390 DEBUG BasicTypeRegistry:135 - Adding type registration java.util.Locale -> org.hibernate.type.LocaleType@2fd1433e
  20:35:00,391 DEBUG BasicTypeRegistry:135 - Adding type registration currency -> org.hibernate.type.CurrencyType@69997e9d
  20:35:00,392 DEBUG BasicTypeRegistry:135 - Adding type registration java.util.Currency -> org.hibernate.type.CurrencyType@69997e9d
  20:35:00,393 DEBUG BasicTypeRegistry:135 - Adding type registration timezone -> org.hibernate.type.TimeZoneType@33990a0c
  20:35:00,393 DEBUG BasicTypeRegistry:135 - Adding type registration java.util.TimeZone -> org.hibernate.type.TimeZoneType@33990a0c
  20:35:00,394 DEBUG BasicTypeRegistry:135 - Adding type registration class -> org.hibernate.type.ClassType@3059cbc
  20:35:00,395 DEBUG BasicTypeRegistry:135 - Adding type registration java.lang.Class -> org.hibernate.type.ClassType@3059cbc
  20:35:00,397 DEBUG BasicTypeRegistry:135 - Adding type registration uuid-binary -> org.hibernate.type.UUIDBinaryType@2053d869
  20:35:00,397 DEBUG BasicTypeRegistry:135 - Adding type registration java.util.UUID -> org.hibernate.type.UUIDBinaryType@2053d869
  20:35:00,398 DEBUG BasicTypeRegistry:135 - Adding type registration uuid-char -> org.hibernate.type.UUIDCharType@4bb33f74
  20:35:00,399 DEBUG BasicTypeRegistry:135 - Adding type registration binary -> org.hibernate.type.BinaryType@73700b80
  20:35:00,399 DEBUG BasicTypeRegistry:135 - Adding type registration byte[] -> org.hibernate.type.BinaryType@73700b80
  20:35:00,400 DEBUG BasicTypeRegistry:135 - Adding type registration [B -> org.hibernate.type.BinaryType@73700b80
  20:35:00,402 DEBUG BasicTypeRegistry:135 - Adding type registration wrapper-binary -> org.hibernate.type.WrapperBinaryType@4a7f959b
  20:35:00,405 DEBUG BasicTypeRegistry:135 - Adding type registration Byte[] -> org.hibernate.type.WrapperBinaryType@4a7f959b
  20:35:00,406 DEBUG BasicTypeRegistry:135 - Adding type registration [Ljava.lang.Byte; -> org.hibernate.type.WrapperBinaryType@4a7f959b
  20:35:00,407 DEBUG BasicTypeRegistry:135 - Adding type registration image -> org.hibernate.type.ImageType@63a12c68
  20:35:00,408 DEBUG BasicTypeRegistry:135 - Adding type registration characters -> org.hibernate.type.CharArrayType@6d4e5011
  20:35:00,408 DEBUG BasicTypeRegistry:135 - Adding type registration char[] -> org.hibernate.type.CharArrayType@6d4e5011
  20:35:00,408 DEBUG BasicTypeRegistry:135 - Adding type registration [C -> org.hibernate.type.CharArrayType@6d4e5011
  20:35:00,409 DEBUG BasicTypeRegistry:135 - Adding type registration wrapper-characters -> org.hibernate.type.CharacterArrayType@fba92d3
  20:35:00,410 DEBUG BasicTypeRegistry:135 - Adding type registration [Ljava.lang.Character; -> org.hibernate.type.CharacterArrayType@fba92d3
  20:35:00,410 DEBUG BasicTypeRegistry:135 - Adding type registration Character[] -> org.hibernate.type.CharacterArrayType@fba92d3
  20:35:00,411 DEBUG BasicTypeRegistry:135 - Adding type registration text -> org.hibernate.type.TextType@16a0ee18
  20:35:00,412 DEBUG BasicTypeRegistry:135 - Adding type registration ntext -> org.hibernate.type.NTextType@bd4dc25
  20:35:00,415 DEBUG BasicTypeRegistry:135 - Adding type registration blob -> org.hibernate.type.BlobType@7205765b
  20:35:00,416 DEBUG BasicTypeRegistry:135 - Adding type registration java.sql.Blob -> org.hibernate.type.BlobType@7205765b
  20:35:00,417 DEBUG BasicTypeRegistry:135 - Adding type registration materialized_blob -> org.hibernate.type.MaterializedBlobType@6283d8b8
  20:35:00,420 DEBUG BasicTypeRegistry:135 - Adding type registration clob -> org.hibernate.type.ClobType@7c24b813
  20:35:00,421 DEBUG BasicTypeRegistry:135 - Adding type registration java.sql.Clob -> org.hibernate.type.ClobType@7c24b813
  20:35:00,423 DEBUG BasicTypeRegistry:135 - Adding type registration nclob -> org.hibernate.type.NClobType@c88a337
  20:35:00,423 DEBUG BasicTypeRegistry:135 - Adding type registration java.sql.NClob -> org.hibernate.type.NClobType@c88a337
  20:35:00,424 DEBUG BasicTypeRegistry:135 - Adding type registration materialized_clob -> org.hibernate.type.MaterializedClobType@1de76cc7
  20:35:00,424 DEBUG BasicTypeRegistry:135 - Adding type registration materialized_nclob -> org.hibernate.type.MaterializedNClobType@5a56cdac
  20:35:00,425 DEBUG BasicTypeRegistry:135 - Adding type registration serializable -> org.hibernate.type.SerializableType@434a63ab
  20:35:00,428 DEBUG BasicTypeRegistry:135 - Adding type registration object -> org.hibernate.type.ObjectType@3e11f9e9
  20:35:00,428 DEBUG BasicTypeRegistry:135 - Adding type registration java.lang.Object -> org.hibernate.type.ObjectType@3e11f9e9
  20:35:00,429 DEBUG BasicTypeRegistry:135 - Adding type registration imm_date -> org.hibernate.type.AdaptedImmutableType@31fa1761
  20:35:00,429 DEBUG BasicTypeRegistry:135 - Adding type registration imm_time -> org.hibernate.type.AdaptedImmutableType@957e06
  20:35:00,429 DEBUG BasicTypeRegistry:135 - Adding type registration imm_timestamp -> org.hibernate.type.AdaptedImmutableType@32502377
  20:35:00,430 DEBUG BasicTypeRegistry:135 - Adding type registration imm_dbtimestamp -> org.hibernate.type.AdaptedImmutableType@2c1b194a
  20:35:00,430 DEBUG BasicTypeRegistry:135 - Adding type registration imm_calendar -> org.hibernate.type.AdaptedImmutableType@4dbb42b7
  20:35:00,430 DEBUG BasicTypeRegistry:135 - Adding type registration imm_calendar_date -> org.hibernate.type.AdaptedImmutableType@66f57048
  20:35:00,430 DEBUG BasicTypeRegistry:135 - Adding type registration imm_binary -> org.hibernate.type.AdaptedImmutableType@550dbc7a
  20:35:00,431 DEBUG BasicTypeRegistry:135 - Adding type registration imm_serializable -> org.hibernate.type.AdaptedImmutableType@21282ed8
  20:35:00,743  INFO Dialect:154 - HHH000400: Using dialect: org.hibernate.dialect.MySQLDialect
  20:35:01,053 TRACE TypeFactory:60 - Scoping types to session factory org.hibernate.internal.SessionFactoryImpl@4212a0c8
  20:35:01,266  INFO SchemaUpdate:101 - HHH000228: Running hbm2ddl schema update
  20:35:01,455  INFO HibernateTransactionManager:357 - Using DataSource [org.springframework.jdbc.datasource.DriverManagerDataSource@2aa3cd93] of Hibernate SessionFactory for HibernateTransactionManager
  20:35:01,565  INFO QueryTranslatorFactoryInitiator:47 - HHH000397: Using ASTQueryTranslatorFactory
  20:35:01,723 TRACE BasicExtractor:61 - extracted value ([id1_0_] : [INTEGER]) - [1]
  20:35:01,733 TRACE BasicExtractor:61 - extracted value ([address2_0_] : [VARCHAR]) - [hyderabad]
  20:35:01,734 TRACE BasicExtractor:61 - extracted value ([name3_0_] : [VARCHAR]) - [arpit]
  20:35:01,737 TRACE BasicExtractor:61 - extracted value ([id1_0_] : [INTEGER]) - [1]
  20:35:01,739 TRACE BasicExtractor:61 - extracted value ([id1_0_] : [INTEGER]) - [1]
  20:35:01,740 TRACE BasicExtractor:61 - extracted value ([id1_0_] : [INTEGER]) - [1]
  20:35:01,740 TRACE BasicExtractor:61 - extracted value ([id1_0_] : [INTEGER]) - [1]
  20:35:01,740 TRACE BasicExtractor:61 - extracted value ([id1_0_] : [INTEGER]) - [1]
  20:35:01,741 TRACE BasicExtractor:61 - extracted value ([id1_0_] : [INTEGER]) - [1]
  20:35:01,741 TRACE BasicExtractor:61 - extracted value ([id1_0_] : [INTEGER]) - [1]
  20:35:01,741 TRACE BasicExtractor:61 - extracted value ([id1_0_] : [INTEGER]) - [1]
  20:35:01,791 TRACE BasicBinder:64 - binding parameter [1] as [VARCHAR] - [hyderabad]
  20:35:01,793 TRACE BasicBinder:64 - binding parameter [2] as [VARCHAR] - [arpit]
  20:35:01,794 TRACE BasicBinder:64 - binding parameter [3] as [INTEGER] - [1]
  20:38:42,100  INFO ContainerTest:34 - log aya 
  20:38:42,366  INFO AnnotationConfigApplicationContext:583 - Refreshing org.springframework.context.annotation.AnnotationConfigApplicationContext@53e25b76: startup date [Thu Dec 14 20:38:42 IST 2017]; root of context hierarchy
  20:38:42,609  WARN ConfigurationClassEnhancer:350 - @Bean method AppConfig.getPropertyPlaceholderConfigurer is non-static and returns an object assignable to Spring's BeanFactoryPostProcessor interface. This will result in a failure to process annotations such as @Autowired, @Resource and @PostConstruct within the method's declaring @Configuration class. Add the 'static' modifier to this method to avoid these container lifecycle issues; see @Bean javadoc for complete details.
  20:38:42,637  INFO AutowiredAnnotationBeanPostProcessor:155 - JSR-330 'javax.inject.Inject' annotation found and supported for autowiring
  20:38:42,718  INFO DriverManagerDataSource:133 - Loaded JDBC driver: com.mysql.cj.jdbc.Driver
  20:38:42,844  INFO Version:37 - HHH000412: Hibernate Core {5.0.4.Final}
  20:38:42,846  INFO Environment:213 - HHH000206: hibernate.properties not found
  20:38:42,847  INFO Environment:317 - HHH000021: Bytecode provider name : javassist
  20:38:42,895  INFO Version:66 - HCANN000001: Hibernate Commons Annotations {5.0.0.Final}
  20:38:42,913 DEBUG BasicTypeRegistry:135 - Adding type registration boolean -> org.hibernate.type.BooleanType@2e1d27ba
  20:38:42,913 DEBUG BasicTypeRegistry:135 - Adding type registration boolean -> org.hibernate.type.BooleanType@2e1d27ba
  20:38:42,914 DEBUG BasicTypeRegistry:135 - Adding type registration java.lang.Boolean -> org.hibernate.type.BooleanType@2e1d27ba
  20:38:42,915 DEBUG BasicTypeRegistry:135 - Adding type registration numeric_boolean -> org.hibernate.type.NumericBooleanType@44a7bfbc
  20:38:42,916 DEBUG BasicTypeRegistry:135 - Adding type registration true_false -> org.hibernate.type.TrueFalseType@2beee7ff
  20:38:42,917 DEBUG BasicTypeRegistry:135 - Adding type registration yes_no -> org.hibernate.type.YesNoType@e1de817
  20:38:42,919 DEBUG BasicTypeRegistry:135 - Adding type registration byte -> org.hibernate.type.ByteType@355ce81c
  20:38:42,920 DEBUG BasicTypeRegistry:135 - Adding type registration byte -> org.hibernate.type.ByteType@355ce81c
  20:38:42,921 DEBUG BasicTypeRegistry:135 - Adding type registration java.lang.Byte -> org.hibernate.type.ByteType@355ce81c
  20:38:42,923 DEBUG BasicTypeRegistry:135 - Adding type registration character -> org.hibernate.type.CharacterType@1649b0e6
  20:38:42,923 DEBUG BasicTypeRegistry:135 - Adding type registration char -> org.hibernate.type.CharacterType@1649b0e6
  20:38:42,923 DEBUG BasicTypeRegistry:135 - Adding type registration java.lang.Character -> org.hibernate.type.CharacterType@1649b0e6
  20:38:42,925 DEBUG BasicTypeRegistry:135 - Adding type registration short -> org.hibernate.type.ShortType@2abf4075
  20:38:42,925 DEBUG BasicTypeRegistry:135 - Adding type registration short -> org.hibernate.type.ShortType@2abf4075
  20:38:42,926 DEBUG BasicTypeRegistry:135 - Adding type registration java.lang.Short -> org.hibernate.type.ShortType@2abf4075
  20:38:42,927 DEBUG BasicTypeRegistry:135 - Adding type registration integer -> org.hibernate.type.IntegerType@1f97cf0d
  20:38:42,927 DEBUG BasicTypeRegistry:135 - Adding type registration int -> org.hibernate.type.IntegerType@1f97cf0d
  20:38:42,927 DEBUG BasicTypeRegistry:135 - Adding type registration java.lang.Integer -> org.hibernate.type.IntegerType@1f97cf0d
  20:38:42,929 DEBUG BasicTypeRegistry:135 - Adding type registration long -> org.hibernate.type.LongType@2e222612
  20:38:42,929 DEBUG BasicTypeRegistry:135 - Adding type registration long -> org.hibernate.type.LongType@2e222612
  20:38:42,929 DEBUG BasicTypeRegistry:135 - Adding type registration java.lang.Long -> org.hibernate.type.LongType@2e222612
  20:38:42,931 DEBUG BasicTypeRegistry:135 - Adding type registration float -> org.hibernate.type.FloatType@34f7cfd9
  20:38:42,931 DEBUG BasicTypeRegistry:135 - Adding type registration float -> org.hibernate.type.FloatType@34f7cfd9
  20:38:42,931 DEBUG BasicTypeRegistry:135 - Adding type registration java.lang.Float -> org.hibernate.type.FloatType@34f7cfd9
  20:38:42,934 DEBUG BasicTypeRegistry:135 - Adding type registration double -> org.hibernate.type.DoubleType@3d1cfad4
  20:38:42,934 DEBUG BasicTypeRegistry:135 - Adding type registration double -> org.hibernate.type.DoubleType@3d1cfad4
  20:38:42,934 DEBUG BasicTypeRegistry:135 - Adding type registration java.lang.Double -> org.hibernate.type.DoubleType@3d1cfad4
  20:38:42,936 DEBUG BasicTypeRegistry:135 - Adding type registration big_decimal -> org.hibernate.type.BigDecimalType@11bd0f3b
  20:38:42,936 DEBUG BasicTypeRegistry:135 - Adding type registration java.math.BigDecimal -> org.hibernate.type.BigDecimalType@11bd0f3b
  20:38:42,938 DEBUG BasicTypeRegistry:135 - Adding type registration big_integer -> org.hibernate.type.BigIntegerType@72cde7cc
  20:38:42,938 DEBUG BasicTypeRegistry:135 - Adding type registration java.math.BigInteger -> org.hibernate.type.BigIntegerType@72cde7cc
  20:38:42,940 DEBUG BasicTypeRegistry:135 - Adding type registration string -> org.hibernate.type.StringType@2bfc268b
  20:38:42,940 DEBUG BasicTypeRegistry:135 - Adding type registration java.lang.String -> org.hibernate.type.StringType@2bfc268b
  20:38:42,941 DEBUG BasicTypeRegistry:135 - Adding type registration nstring -> org.hibernate.type.StringNVarcharType@4944252c
  20:38:42,942 DEBUG BasicTypeRegistry:135 - Adding type registration ncharacter -> org.hibernate.type.CharacterNCharType@272ed83b
  20:38:42,943 DEBUG BasicTypeRegistry:135 - Adding type registration url -> org.hibernate.type.UrlType@66498326
  20:38:42,943 DEBUG BasicTypeRegistry:135 - Adding type registration java.net.URL -> org.hibernate.type.UrlType@66498326
  20:38:42,945 DEBUG BasicTypeRegistry:135 - Adding type registration date -> org.hibernate.type.DateType@4e096385
  20:38:42,946 DEBUG BasicTypeRegistry:135 - Adding type registration java.sql.Date -> org.hibernate.type.DateType@4e096385
  20:38:42,947 DEBUG BasicTypeRegistry:135 - Adding type registration time -> org.hibernate.type.TimeType@1a4013
  20:38:42,948 DEBUG BasicTypeRegistry:135 - Adding type registration java.sql.Time -> org.hibernate.type.TimeType@1a4013
  20:38:42,949 DEBUG BasicTypeRegistry:135 - Adding type registration timestamp -> org.hibernate.type.TimestampType@2dde1bff
  20:38:42,950 DEBUG BasicTypeRegistry:135 - Adding type registration java.sql.Timestamp -> org.hibernate.type.TimestampType@2dde1bff
  20:38:42,950 DEBUG BasicTypeRegistry:135 - Adding type registration java.util.Date -> org.hibernate.type.TimestampType@2dde1bff
  20:38:42,952 DEBUG BasicTypeRegistry:135 - Adding type registration dbtimestamp -> org.hibernate.type.DbTimestampType@5f9b2141
  20:38:42,955 DEBUG BasicTypeRegistry:135 - Adding type registration calendar -> org.hibernate.type.CalendarType@50ad3bc1
  20:38:42,956 DEBUG BasicTypeRegistry:135 - Adding type registration java.util.Calendar -> org.hibernate.type.CalendarType@50ad3bc1
  20:38:42,956 DEBUG BasicTypeRegistry:135 - Adding type registration java.util.GregorianCalendar -> org.hibernate.type.CalendarType@50ad3bc1
  20:38:42,957 DEBUG BasicTypeRegistry:135 - Adding type registration calendar_date -> org.hibernate.type.CalendarDateType@193f604a
  20:38:42,959 DEBUG BasicTypeRegistry:135 - Adding type registration locale -> org.hibernate.type.LocaleType@d29f28
  20:38:42,959 DEBUG BasicTypeRegistry:135 - Adding type registration java.util.Locale -> org.hibernate.type.LocaleType@d29f28
  20:38:42,960 DEBUG BasicTypeRegistry:135 - Adding type registration currency -> org.hibernate.type.CurrencyType@446293d
  20:38:42,961 DEBUG BasicTypeRegistry:135 - Adding type registration java.util.Currency -> org.hibernate.type.CurrencyType@446293d
  20:38:42,962 DEBUG BasicTypeRegistry:135 - Adding type registration timezone -> org.hibernate.type.TimeZoneType@15aab8c6
  20:38:42,962 DEBUG BasicTypeRegistry:135 - Adding type registration java.util.TimeZone -> org.hibernate.type.TimeZoneType@15aab8c6
  20:38:42,963 DEBUG BasicTypeRegistry:135 - Adding type registration class -> org.hibernate.type.ClassType@6babf3bf
  20:38:42,963 DEBUG BasicTypeRegistry:135 - Adding type registration java.lang.Class -> org.hibernate.type.ClassType@6babf3bf
  20:38:42,965 DEBUG BasicTypeRegistry:135 - Adding type registration uuid-binary -> org.hibernate.type.UUIDBinaryType@1e683a3e
  20:38:42,966 DEBUG BasicTypeRegistry:135 - Adding type registration java.util.UUID -> org.hibernate.type.UUIDBinaryType@1e683a3e
  20:38:42,967 DEBUG BasicTypeRegistry:135 - Adding type registration uuid-char -> org.hibernate.type.UUIDCharType@14555e0a
  20:38:42,969 DEBUG BasicTypeRegistry:135 - Adding type registration binary -> org.hibernate.type.BinaryType@6f46426d
  20:38:42,969 DEBUG BasicTypeRegistry:135 - Adding type registration byte[] -> org.hibernate.type.BinaryType@6f46426d
  20:38:42,969 DEBUG BasicTypeRegistry:135 - Adding type registration [B -> org.hibernate.type.BinaryType@6f46426d
  20:38:42,971 DEBUG BasicTypeRegistry:135 - Adding type registration wrapper-binary -> org.hibernate.type.WrapperBinaryType@3e84448c
  20:38:42,972 DEBUG BasicTypeRegistry:135 - Adding type registration Byte[] -> org.hibernate.type.WrapperBinaryType@3e84448c
  20:38:42,972 DEBUG BasicTypeRegistry:135 - Adding type registration [Ljava.lang.Byte; -> org.hibernate.type.WrapperBinaryType@3e84448c
  20:38:42,975 DEBUG BasicTypeRegistry:135 - Adding type registration image -> org.hibernate.type.ImageType@7e5afaa6
  20:38:42,976 DEBUG BasicTypeRegistry:135 - Adding type registration characters -> org.hibernate.type.CharArrayType@581ac8a8
  20:38:42,977 DEBUG BasicTypeRegistry:135 - Adding type registration char[] -> org.hibernate.type.CharArrayType@581ac8a8
  20:38:42,977 DEBUG BasicTypeRegistry:135 - Adding type registration [C -> org.hibernate.type.CharArrayType@581ac8a8
  20:38:42,979 DEBUG BasicTypeRegistry:135 - Adding type registration wrapper-characters -> org.hibernate.type.CharacterArrayType@67c33749
  20:38:42,979 DEBUG BasicTypeRegistry:135 - Adding type registration [Ljava.lang.Character; -> org.hibernate.type.CharacterArrayType@67c33749
  20:38:42,980 DEBUG BasicTypeRegistry:135 - Adding type registration Character[] -> org.hibernate.type.CharacterArrayType@67c33749
  20:38:42,981 DEBUG BasicTypeRegistry:135 - Adding type registration text -> org.hibernate.type.TextType@2a54a73f
  20:38:42,982 DEBUG BasicTypeRegistry:135 - Adding type registration ntext -> org.hibernate.type.NTextType@4efc180e
  20:38:42,986 DEBUG BasicTypeRegistry:135 - Adding type registration blob -> org.hibernate.type.BlobType@35aea049
  20:38:42,987 DEBUG BasicTypeRegistry:135 - Adding type registration java.sql.Blob -> org.hibernate.type.BlobType@35aea049
  20:38:42,988 DEBUG BasicTypeRegistry:135 - Adding type registration materialized_blob -> org.hibernate.type.MaterializedBlobType@22ef9844
  20:38:42,992 DEBUG BasicTypeRegistry:135 - Adding type registration clob -> org.hibernate.type.ClobType@25fb8912
  20:38:42,992 DEBUG BasicTypeRegistry:135 - Adding type registration java.sql.Clob -> org.hibernate.type.ClobType@25fb8912
  20:38:42,995 DEBUG BasicTypeRegistry:135 - Adding type registration nclob -> org.hibernate.type.NClobType@342c38f8
  20:38:42,995 DEBUG BasicTypeRegistry:135 - Adding type registration java.sql.NClob -> org.hibernate.type.NClobType@342c38f8
  20:38:42,995 DEBUG BasicTypeRegistry:135 - Adding type registration materialized_clob -> org.hibernate.type.MaterializedClobType@485966cc
  20:38:42,996 DEBUG BasicTypeRegistry:135 - Adding type registration materialized_nclob -> org.hibernate.type.MaterializedNClobType@593aaf41
  20:38:42,997 DEBUG BasicTypeRegistry:135 - Adding type registration serializable -> org.hibernate.type.SerializableType@37d4349f
  20:38:43,000 DEBUG BasicTypeRegistry:135 - Adding type registration object -> org.hibernate.type.ObjectType@6404f418
  20:38:43,000 DEBUG BasicTypeRegistry:135 - Adding type registration java.lang.Object -> org.hibernate.type.ObjectType@6404f418
  20:38:43,001 DEBUG BasicTypeRegistry:135 - Adding type registration imm_date -> org.hibernate.type.AdaptedImmutableType@729d991e
  20:38:43,001 DEBUG BasicTypeRegistry:135 - Adding type registration imm_time -> org.hibernate.type.AdaptedImmutableType@31fa1761
  20:38:43,002 DEBUG BasicTypeRegistry:135 - Adding type registration imm_timestamp -> org.hibernate.type.AdaptedImmutableType@957e06
  20:38:43,002 DEBUG BasicTypeRegistry:135 - Adding type registration imm_dbtimestamp -> org.hibernate.type.AdaptedImmutableType@32502377
  20:38:43,002 DEBUG BasicTypeRegistry:135 - Adding type registration imm_calendar -> org.hibernate.type.AdaptedImmutableType@2c1b194a
  20:38:43,003 DEBUG BasicTypeRegistry:135 - Adding type registration imm_calendar_date -> org.hibernate.type.AdaptedImmutableType@4dbb42b7
  20:38:43,003 DEBUG BasicTypeRegistry:135 - Adding type registration imm_binary -> org.hibernate.type.AdaptedImmutableType@66f57048
  20:38:43,003 DEBUG BasicTypeRegistry:135 - Adding type registration imm_serializable -> org.hibernate.type.AdaptedImmutableType@550dbc7a
  20:38:43,324  INFO Dialect:154 - HHH000400: Using dialect: org.hibernate.dialect.MySQLDialect
  20:38:43,644 TRACE TypeFactory:60 - Scoping types to session factory org.hibernate.internal.SessionFactoryImpl@698122b2
  20:38:43,868  INFO SchemaUpdate:101 - HHH000228: Running hbm2ddl schema update
  20:38:44,055  INFO HibernateTransactionManager:357 - Using DataSource [org.springframework.jdbc.datasource.DriverManagerDataSource@add0edd] of Hibernate SessionFactory for HibernateTransactionManager
  20:38:44,181  INFO QueryTranslatorFactoryInitiator:47 - HHH000397: Using ASTQueryTranslatorFactory
  20:38:44,351 TRACE BasicExtractor:61 - extracted value ([id1_0_] : [INTEGER]) - [1]
  20:38:44,361 TRACE BasicExtractor:61 - extracted value ([address2_0_] : [VARCHAR]) - [hyderabad]
  20:38:44,361 TRACE BasicExtractor:61 - extracted value ([name3_0_] : [VARCHAR]) - [arpit]
  20:38:44,363 TRACE BasicExtractor:61 - extracted value ([id1_0_] : [INTEGER]) - [1]
  20:38:44,364 TRACE BasicExtractor:61 - extracted value ([id1_0_] : [INTEGER]) - [1]
  20:38:44,364 TRACE BasicExtractor:61 - extracted value ([id1_0_] : [INTEGER]) - [1]
  20:38:44,365 TRACE BasicExtractor:61 - extracted value ([id1_0_] : [INTEGER]) - [1]
  20:38:44,365 TRACE BasicExtractor:61 - extracted value ([id1_0_] : [INTEGER]) - [1]
  20:38:44,365 TRACE BasicExtractor:61 - extracted value ([id1_0_] : [INTEGER]) - [1]
  20:38:44,366 TRACE BasicExtractor:61 - extracted value ([id1_0_] : [INTEGER]) - [1]
  20:38:44,366 TRACE BasicExtractor:61 - extracted value ([id1_0_] : [INTEGER]) - [1]
  20:38:44,367 TRACE BasicExtractor:61 - extracted value ([id1_0_] : [INTEGER]) - [1]
  20:38:44,410 TRACE BasicBinder:64 - binding parameter [1] as [VARCHAR] - [hyderabad]
  20:38:44,411 TRACE BasicBinder:64 - binding parameter [2] as [VARCHAR] - [arpit]
  20:38:44,412 TRACE BasicBinder:64 - binding parameter [3] as [INTEGER] - [1]
  